<html>
<head>
<title>TestNG:  Test</title>
<link href="../testng.css" rel="stylesheet" type="text/css" />
<link href="../my-testng.css" rel="stylesheet" type="text/css" />

<style type="text/css">
.log { display: none;} 
.stack-trace { display: none;} 
</style>
<script type="text/javascript">
<!--
function flip(e) {
  current = e.style.display;
  if (current == 'block') {
    e.style.display = 'none';
    return 0;
  }
  else {
    e.style.display = 'block';
    return 1;
  }
}

function toggleBox(szDivId, elem, msg1, msg2)
{
  var res = -1;  if (document.getElementById) {
    res = flip(document.getElementById(szDivId));
  }
  else if (document.all) {
    // this is the way old msie versions work
    res = flip(document.all[szDivId]);
  }
  if(elem) {
    if(res == 0) elem.innerHTML = msg1; else elem.innerHTML = msg2;
  }

}

function toggleAllBoxes() {
  if (document.getElementsByTagName) {
    d = document.getElementsByTagName('div');
    for (i = 0; i < d.length; i++) {
      if (d[i].className == 'log') {
        flip(d[i]);
      }
    }
  }
}

// -->
</script>

</head>
<body>
<h2 align='center'>Test</h2><table border='1' align="center">
<tr>
<td>Tests passed/Failed/Skipped:</td><td>185/11/0</td>
</tr><tr>
<td>Started on:</td><td>Tue Jan 08 17:44:15 IST 2019</td>
</tr>
<tr><td>Total time:</td><td>1054 seconds (1054793 ms)</td>
</tr><tr>
<td>Included groups:</td><td></td>
</tr><tr>
<td>Excluded groups:</td><td></td>
</tr>
</table><p/>
<small><i>(Hover the method name to see the test class name)</i></small><p/>
<table width='100%' border='1' class='invocation-failed'>
<tr><td colspan='4' align='center'><b>FAILED TESTS</b></td></tr>
<tr><td><b>Test method</b></td>
<td width="30%"><b>Exception</b></td>
<td width="10%"><b>Time (seconds)</b></td>
<td><b>Instance</b></td>
</tr>
<tr>
<td title='scripts.CartOperTest.checkAddress()'><b>checkAddress</b><br>Test class: scripts.CartOperTest</td>
<td><div><pre>java.lang.AssertionError: expected [true] but found [false]
	at scripts.Payment.addressCheck(Payment.java:119)
	at scripts.Payment.checkAddress(Payment.java:110)
... Removed 29 stack frames</pre></div><a href='#' onClick='toggleBox("stack-trace1454854577", this, "Click to show all stack frames", "Click to hide stack frames")'>Click to show all stack frames</a>
<div class='stack-trace' id='stack-trace1454854577'><pre>java.lang.AssertionError: expected [true] but found [false]
	at org.testng.Assert.fail(Assert.java:96)
	at org.testng.Assert.failNotEquals(Assert.java:776)
	at org.testng.Assert.assertTrue(Assert.java:44)
	at org.testng.Assert.assertTrue(Assert.java:54)
	at scripts.Payment.addressCheck(Payment.java:119)
	at scripts.Payment.checkAddress(Payment.java:110)
	at sun.reflect.NativeMethodAccessorImpl.invoke0(Native Method)
	at sun.reflect.NativeMethodAccessorImpl.invoke(Unknown Source)
	at sun.reflect.DelegatingMethodAccessorImpl.invoke(Unknown Source)
	at java.lang.reflect.Method.invoke(Unknown Source)
	at org.testng.internal.MethodInvocationHelper.invokeMethod(MethodInvocationHelper.java:124)
	at org.testng.internal.Invoker.invokeMethod(Invoker.java:580)
	at org.testng.internal.Invoker.invokeTestMethod(Invoker.java:716)
	at org.testng.internal.Invoker.invokeTestMethods(Invoker.java:988)
	at org.testng.internal.TestMethodWorker.invokeTestMethods(TestMethodWorker.java:125)
	at org.testng.internal.TestMethodWorker.run(TestMethodWorker.java:109)
	at org.testng.TestRunner.privateRun(TestRunner.java:648)
	at org.testng.TestRunner.run(TestRunner.java:505)
	at org.testng.SuiteRunner.runTest(SuiteRunner.java:455)
	at org.testng.SuiteRunner.runSequentially(SuiteRunner.java:450)
	at org.testng.SuiteRunner.privateRun(SuiteRunner.java:415)
	at org.testng.SuiteRunner.run(SuiteRunner.java:364)
	at org.testng.SuiteRunnerWorker.runSuite(SuiteRunnerWorker.java:52)
	at org.testng.SuiteRunnerWorker.run(SuiteRunnerWorker.java:84)
	at org.testng.TestNG.runSuitesSequentially(TestNG.java:1208)
	at org.testng.TestNG.runSuitesLocally(TestNG.java:1137)
	at org.testng.TestNG.runSuites(TestNG.java:1049)
	at org.testng.TestNG.run(TestNG.java:1017)
	at org.testng.remote.AbstractRemoteTestNG.run(AbstractRemoteTestNG.java:114)
	at org.testng.remote.RemoteTestNG.initAndRun(RemoteTestNG.java:251)
	at org.testng.remote.RemoteTestNG.main(RemoteTestNG.java:77)
</pre></div></td>
<td>0</td>
<td>scripts.CartOperTest@6b9651f3</td></tr>
<tr>
<td title='scripts.CartOperTest.checkBookFormBackward()'><b>checkBookFormBackward</b><br>Test class: scripts.CartOperTest<br>Parameters: Tractor, 100, 1</td>
<td><div><pre>java.lang.AssertionError: expected [true] but found [false]
	at scripts.ConsumerModel.asserCft(ConsumerModel.java:636)
	at scripts.ConsumerModel.checkTotlcft(ConsumerModel.java:576)
	at scripts.ConsumerModel.checkBookFormBackward(ConsumerModel.java:452)
... Removed 29 stack frames</pre></div><a href='#' onClick='toggleBox("stack-trace2636011", this, "Click to show all stack frames", "Click to hide stack frames")'>Click to show all stack frames</a>
<div class='stack-trace' id='stack-trace2636011'><pre>java.lang.AssertionError: expected [true] but found [false]
	at org.testng.Assert.fail(Assert.java:96)
	at org.testng.Assert.failNotEquals(Assert.java:776)
	at org.testng.Assert.assertTrue(Assert.java:44)
	at org.testng.Assert.assertTrue(Assert.java:54)
	at scripts.ConsumerModel.asserCft(ConsumerModel.java:636)
	at scripts.ConsumerModel.checkTotlcft(ConsumerModel.java:576)
	at scripts.ConsumerModel.checkBookFormBackward(ConsumerModel.java:452)
	at sun.reflect.NativeMethodAccessorImpl.invoke0(Native Method)
	at sun.reflect.NativeMethodAccessorImpl.invoke(Unknown Source)
	at sun.reflect.DelegatingMethodAccessorImpl.invoke(Unknown Source)
	at java.lang.reflect.Method.invoke(Unknown Source)
	at org.testng.internal.MethodInvocationHelper.invokeMethod(MethodInvocationHelper.java:124)
	at org.testng.internal.Invoker.invokeMethod(Invoker.java:580)
	at org.testng.internal.Invoker.invokeTestMethod(Invoker.java:716)
	at org.testng.internal.Invoker.invokeTestMethods(Invoker.java:988)
	at org.testng.internal.TestMethodWorker.invokeTestMethods(TestMethodWorker.java:125)
	at org.testng.internal.TestMethodWorker.run(TestMethodWorker.java:109)
	at org.testng.TestRunner.privateRun(TestRunner.java:648)
	at org.testng.TestRunner.run(TestRunner.java:505)
	at org.testng.SuiteRunner.runTest(SuiteRunner.java:455)
	at org.testng.SuiteRunner.runSequentially(SuiteRunner.java:450)
	at org.testng.SuiteRunner.privateRun(SuiteRunner.java:415)
	at org.testng.SuiteRunner.run(SuiteRunner.java:364)
	at org.testng.SuiteRunnerWorker.runSuite(SuiteRunnerWorker.java:52)
	at org.testng.SuiteRunnerWorker.run(SuiteRunnerWorker.java:84)
	at org.testng.TestNG.runSuitesSequentially(TestNG.java:1208)
	at org.testng.TestNG.runSuitesLocally(TestNG.java:1137)
	at org.testng.TestNG.runSuites(TestNG.java:1049)
	at org.testng.TestNG.run(TestNG.java:1017)
	at org.testng.remote.AbstractRemoteTestNG.run(AbstractRemoteTestNG.java:114)
	at org.testng.remote.RemoteTestNG.initAndRun(RemoteTestNG.java:251)
	at org.testng.remote.RemoteTestNG.main(RemoteTestNG.java:77)
</pre></div></td>
<td>2</td>
<td>scripts.CartOperTest@6b9651f3</td></tr>
<tr>
<td title='scripts.CartOperTest.checkReviewBookingBackward()'><b>checkReviewBookingBackward</b><br>Test class: scripts.CartOperTest</td>
<td><div><pre>java.lang.AssertionError: expected [1, Mahatma Gandhi Main Road, Upper Bazar, Ranchi, Jharkhand] but found [2345678909]
	at scripts.ConsumerModel.checkReviewBookingBackward(ConsumerModel.java:435)
... Removed 31 stack frames</pre></div><a href='#' onClick='toggleBox("stack-trace590794129", this, "Click to show all stack frames", "Click to hide stack frames")'>Click to show all stack frames</a>
<div class='stack-trace' id='stack-trace590794129'><pre>java.lang.AssertionError: expected [1, Mahatma Gandhi Main Road, Upper Bazar, Ranchi, Jharkhand] but found [2345678909]
	at org.testng.Assert.fail(Assert.java:96)
	at org.testng.Assert.failNotEquals(Assert.java:776)
	at org.testng.Assert.assertEqualsImpl(Assert.java:137)
	at org.testng.Assert.assertEquals(Assert.java:118)
	at org.testng.Assert.assertEquals(Assert.java:453)
	at org.testng.Assert.assertEquals(Assert.java:463)
	at scripts.ConsumerModel.checkReviewBookingBackward(ConsumerModel.java:435)
	at sun.reflect.NativeMethodAccessorImpl.invoke0(Native Method)
	at sun.reflect.NativeMethodAccessorImpl.invoke(Unknown Source)
	at sun.reflect.DelegatingMethodAccessorImpl.invoke(Unknown Source)
	at java.lang.reflect.Method.invoke(Unknown Source)
	at org.testng.internal.MethodInvocationHelper.invokeMethod(MethodInvocationHelper.java:124)
	at org.testng.internal.Invoker.invokeMethod(Invoker.java:580)
	at org.testng.internal.Invoker.invokeTestMethod(Invoker.java:716)
	at org.testng.internal.Invoker.invokeTestMethods(Invoker.java:988)
	at org.testng.internal.TestMethodWorker.invokeTestMethods(TestMethodWorker.java:125)
	at org.testng.internal.TestMethodWorker.run(TestMethodWorker.java:109)
	at org.testng.TestRunner.privateRun(TestRunner.java:648)
	at org.testng.TestRunner.run(TestRunner.java:505)
	at org.testng.SuiteRunner.runTest(SuiteRunner.java:455)
	at org.testng.SuiteRunner.runSequentially(SuiteRunner.java:450)
	at org.testng.SuiteRunner.privateRun(SuiteRunner.java:415)
	at org.testng.SuiteRunner.run(SuiteRunner.java:364)
	at org.testng.SuiteRunnerWorker.runSuite(SuiteRunnerWorker.java:52)
	at org.testng.SuiteRunnerWorker.run(SuiteRunnerWorker.java:84)
	at org.testng.TestNG.runSuitesSequentially(TestNG.java:1208)
	at org.testng.TestNG.runSuitesLocally(TestNG.java:1137)
	at org.testng.TestNG.runSuites(TestNG.java:1049)
	at org.testng.TestNG.run(TestNG.java:1017)
	at org.testng.remote.AbstractRemoteTestNG.run(AbstractRemoteTestNG.java:114)
	at org.testng.remote.RemoteTestNG.initAndRun(RemoteTestNG.java:251)
	at org.testng.remote.RemoteTestNG.main(RemoteTestNG.java:77)
</pre></div></td>
<td>0</td>
<td>scripts.CartOperTest@6b9651f3</td></tr>
<tr>
<td title='scripts.CartOperTest.checkalternateMobileBackward()'><b>checkalternateMobileBackward</b><br>Test class: scripts.CartOperTest</td>
<td><div><pre>java.lang.AssertionError: expected [2345678909] but found []
	at scripts.ConsumerModel.checkalternateMobileBackward(ConsumerModel.java:445)
... Removed 31 stack frames</pre></div><a href='#' onClick='toggleBox("stack-trace2002534484", this, "Click to show all stack frames", "Click to hide stack frames")'>Click to show all stack frames</a>
<div class='stack-trace' id='stack-trace2002534484'><pre>java.lang.AssertionError: expected [2345678909] but found []
	at org.testng.Assert.fail(Assert.java:96)
	at org.testng.Assert.failNotEquals(Assert.java:776)
	at org.testng.Assert.assertEqualsImpl(Assert.java:137)
	at org.testng.Assert.assertEquals(Assert.java:118)
	at org.testng.Assert.assertEquals(Assert.java:453)
	at org.testng.Assert.assertEquals(Assert.java:463)
	at scripts.ConsumerModel.checkalternateMobileBackward(ConsumerModel.java:445)
	at sun.reflect.NativeMethodAccessorImpl.invoke0(Native Method)
	at sun.reflect.NativeMethodAccessorImpl.invoke(Unknown Source)
	at sun.reflect.DelegatingMethodAccessorImpl.invoke(Unknown Source)
	at java.lang.reflect.Method.invoke(Unknown Source)
	at org.testng.internal.MethodInvocationHelper.invokeMethod(MethodInvocationHelper.java:124)
	at org.testng.internal.Invoker.invokeMethod(Invoker.java:580)
	at org.testng.internal.Invoker.invokeTestMethod(Invoker.java:716)
	at org.testng.internal.Invoker.invokeTestMethods(Invoker.java:988)
	at org.testng.internal.TestMethodWorker.invokeTestMethods(TestMethodWorker.java:125)
	at org.testng.internal.TestMethodWorker.run(TestMethodWorker.java:109)
	at org.testng.TestRunner.privateRun(TestRunner.java:648)
	at org.testng.TestRunner.run(TestRunner.java:505)
	at org.testng.SuiteRunner.runTest(SuiteRunner.java:455)
	at org.testng.SuiteRunner.runSequentially(SuiteRunner.java:450)
	at org.testng.SuiteRunner.privateRun(SuiteRunner.java:415)
	at org.testng.SuiteRunner.run(SuiteRunner.java:364)
	at org.testng.SuiteRunnerWorker.runSuite(SuiteRunnerWorker.java:52)
	at org.testng.SuiteRunnerWorker.run(SuiteRunnerWorker.java:84)
	at org.testng.TestNG.runSuitesSequentially(TestNG.java:1208)
	at org.testng.TestNG.runSuitesLocally(TestNG.java:1137)
	at org.testng.TestNG.runSuites(TestNG.java:1049)
	at org.testng.TestNG.run(TestNG.java:1017)
	at org.testng.remote.AbstractRemoteTestNG.run(AbstractRemoteTestNG.java:114)
	at org.testng.remote.RemoteTestNG.initAndRun(RemoteTestNG.java:251)
	at org.testng.remote.RemoteTestNG.main(RemoteTestNG.java:77)
</pre></div></td>
<td>0</td>
<td>scripts.CartOperTest@6b9651f3</td></tr>
<tr>
<td title='scripts.CartOperTest.forgotPasswordwithInvalidOTP()'><b>forgotPasswordwithInvalidOTP</b><br>Test class: scripts.CartOperTest</td>
<td><div><pre>java.lang.AssertionError: expected [true] but found [false]
	at generic.MainActivity.asserAlert(MainActivity.java:94)
	at scripts.ForgotPassword.forgotPasswordwithInvalidOTP(ForgotPassword.java:99)
... Removed 29 stack frames</pre></div><a href='#' onClick='toggleBox("stack-trace1041255755", this, "Click to show all stack frames", "Click to hide stack frames")'>Click to show all stack frames</a>
<div class='stack-trace' id='stack-trace1041255755'><pre>java.lang.AssertionError: expected [true] but found [false]
	at org.testng.Assert.fail(Assert.java:96)
	at org.testng.Assert.failNotEquals(Assert.java:776)
	at org.testng.Assert.assertTrue(Assert.java:44)
	at org.testng.Assert.assertTrue(Assert.java:54)
	at generic.MainActivity.asserAlert(MainActivity.java:94)
	at scripts.ForgotPassword.forgotPasswordwithInvalidOTP(ForgotPassword.java:99)
	at sun.reflect.NativeMethodAccessorImpl.invoke0(Native Method)
	at sun.reflect.NativeMethodAccessorImpl.invoke(Unknown Source)
	at sun.reflect.DelegatingMethodAccessorImpl.invoke(Unknown Source)
	at java.lang.reflect.Method.invoke(Unknown Source)
	at org.testng.internal.MethodInvocationHelper.invokeMethod(MethodInvocationHelper.java:124)
	at org.testng.internal.Invoker.invokeMethod(Invoker.java:580)
	at org.testng.internal.Invoker.invokeTestMethod(Invoker.java:716)
	at org.testng.internal.Invoker.invokeTestMethods(Invoker.java:988)
	at org.testng.internal.TestMethodWorker.invokeTestMethods(TestMethodWorker.java:125)
	at org.testng.internal.TestMethodWorker.run(TestMethodWorker.java:109)
	at org.testng.TestRunner.privateRun(TestRunner.java:648)
	at org.testng.TestRunner.run(TestRunner.java:505)
	at org.testng.SuiteRunner.runTest(SuiteRunner.java:455)
	at org.testng.SuiteRunner.runSequentially(SuiteRunner.java:450)
	at org.testng.SuiteRunner.privateRun(SuiteRunner.java:415)
	at org.testng.SuiteRunner.run(SuiteRunner.java:364)
	at org.testng.SuiteRunnerWorker.runSuite(SuiteRunnerWorker.java:52)
	at org.testng.SuiteRunnerWorker.run(SuiteRunnerWorker.java:84)
	at org.testng.TestNG.runSuitesSequentially(TestNG.java:1208)
	at org.testng.TestNG.runSuitesLocally(TestNG.java:1137)
	at org.testng.TestNG.runSuites(TestNG.java:1049)
	at org.testng.TestNG.run(TestNG.java:1017)
	at org.testng.remote.AbstractRemoteTestNG.run(AbstractRemoteTestNG.java:114)
	at org.testng.remote.RemoteTestNG.initAndRun(RemoteTestNG.java:251)
	at org.testng.remote.RemoteTestNG.main(RemoteTestNG.java:77)
</pre></div></td>
<td>6</td>
<td>scripts.CartOperTest@6b9651f3</td></tr>
<tr>
<td title='scripts.CartOperTest.forgotPasswordwithInvaliddata()'><b>forgotPasswordwithInvaliddata</b><br>Test class: scripts.CartOperTest</td>
<td><div><pre>org.openqa.selenium.NoSuchElementException: no such element: Unable to locate element: {&quot;method&quot;:&quot;xpath&quot;,&quot;selector&quot;:&quot;//*[@class=&apos;swal-text&apos;]&quot;}
  (Session info: chrome=71.0.3578.98)
  (Driver info: chromedriver=2.42.591088 (7b2b2dca23cca0862f674758c9a3933e685c27d5),platform=Windows NT 10.0.16299 x86_64) (WARNING: The server did not provide any stacktrace information)
Command duration or timeout: 0 milliseconds
For documentation on this error, please visit: http://seleniumhq.org/exceptions/no_such_element.html
Build info: version: &apos;3.14.0&apos;, revision: &apos;aacccce0&apos;, time: &apos;2018-08-02T20:13:22.693Z&apos;
System info: host: &apos;T4UBLRLPUSR093&apos;, ip: &apos;172.16.2.150&apos;, os.name: &apos;Windows 10&apos;, os.arch: &apos;amd64&apos;, os.version: &apos;10.0&apos;, java.version: &apos;1.8.0_181&apos;
Driver info: org.openqa.selenium.chrome.ChromeDriver
Capabilities {acceptInsecureCerts: false, acceptSslCerts: false, applicationCacheEnabled: false, browserConnectionEnabled: false, browserName: chrome, chrome: {chromedriverVersion: 2.42.591088 (7b2b2dca23cca0..., userDataDir: C:\Users\CGN04\AppData\Loca...}, cssSelectorsEnabled: true, databaseEnabled: false, goog:chromeOptions: {debuggerAddress: localhost:50526}, handlesAlerts: true, hasTouchScreen: false, javascriptEnabled: true, locationContextEnabled: true, mobileEmulationEnabled: false, nativeEvents: true, networkConnectionEnabled: false, pageLoadStrategy: normal, platform: XP, platformName: XP, rotatable: false, setWindowRect: true, takesHeapSnapshot: true, takesScreenshot: true, unexpectedAlertBehaviour: , unhandledPromptBehavior: , version: 71.0.3578.98, webStorageEnabled: true}
Session ID: c3d7329af8c736bcf6e058926038efc9
*** Element info: {Using=xpath, value=//*[@class=&apos;swal-text&apos;]}
	at org.openqa.selenium.remote.ErrorHandler.createThrowable(ErrorHandler.java:214)
	at org.openqa.selenium.remote.ErrorHandler.throwIfResponseFailed(ErrorHandler.java:166)
	at org.openqa.selenium.remote.http.JsonHttpResponseCodec.reconstructValue(JsonHttpResponseCodec.java:40)
	at org.openqa.selenium.remote.http.AbstractHttpResponseCodec.decode(AbstractHttpResponseCodec.java:80)
	at org.openqa.selenium.remote.http.AbstractHttpResponseCodec.decode(AbstractHttpResponseCodec.java:44)
	at org.openqa.selenium.remote.HttpCommandExecutor.execute(HttpCommandExecutor.java:158)
	at org.openqa.selenium.remote.service.DriverCommandExecutor.execute(DriverCommandExecutor.java:83)
	at org.openqa.selenium.remote.RemoteWebDriver.execute(RemoteWebDriver.java:548)
	at org.openqa.selenium.remote.RemoteWebDriver.findElement(RemoteWebDriver.java:322)
	at org.openqa.selenium.remote.RemoteWebDriver.findElementByXPath(RemoteWebDriver.java:424)
	at org.openqa.selenium.By$ByXPath.findElement(By.java:353)
	at org.openqa.selenium.remote.RemoteWebDriver.findElement(RemoteWebDriver.java:314)
	at org.openqa.selenium.support.pagefactory.DefaultElementLocator.findElement(DefaultElementLocator.java:69)
	at org.openqa.selenium.support.pagefactory.internal.LocatingElementHandler.invoke(LocatingElementHandler.java:38)
	at com.sun.proxy.$Proxy13.getText(Unknown Source)
	at generic.MainActivity.getAlertText(MainActivity.java:261)
	at generic.MainActivity.asserAlert(MainActivity.java:90)
	at scripts.ForgotPassword.forgotPasswordwithInvaliddata(ForgotPassword.java:73)
... Removed 29 stack frames</pre></div><a href='#' onClick='toggleBox("stack-trace1980560788", this, "Click to show all stack frames", "Click to hide stack frames")'>Click to show all stack frames</a>
<div class='stack-trace' id='stack-trace1980560788'><pre>org.openqa.selenium.NoSuchElementException: no such element: Unable to locate element: {&quot;method&quot;:&quot;xpath&quot;,&quot;selector&quot;:&quot;//*[@class=&apos;swal-text&apos;]&quot;}
  (Session info: chrome=71.0.3578.98)
  (Driver info: chromedriver=2.42.591088 (7b2b2dca23cca0862f674758c9a3933e685c27d5),platform=Windows NT 10.0.16299 x86_64) (WARNING: The server did not provide any stacktrace information)
Command duration or timeout: 0 milliseconds
For documentation on this error, please visit: http://seleniumhq.org/exceptions/no_such_element.html
Build info: version: &apos;3.14.0&apos;, revision: &apos;aacccce0&apos;, time: &apos;2018-08-02T20:13:22.693Z&apos;
System info: host: &apos;T4UBLRLPUSR093&apos;, ip: &apos;172.16.2.150&apos;, os.name: &apos;Windows 10&apos;, os.arch: &apos;amd64&apos;, os.version: &apos;10.0&apos;, java.version: &apos;1.8.0_181&apos;
Driver info: org.openqa.selenium.chrome.ChromeDriver
Capabilities {acceptInsecureCerts: false, acceptSslCerts: false, applicationCacheEnabled: false, browserConnectionEnabled: false, browserName: chrome, chrome: {chromedriverVersion: 2.42.591088 (7b2b2dca23cca0..., userDataDir: C:\Users\CGN04\AppData\Loca...}, cssSelectorsEnabled: true, databaseEnabled: false, goog:chromeOptions: {debuggerAddress: localhost:50526}, handlesAlerts: true, hasTouchScreen: false, javascriptEnabled: true, locationContextEnabled: true, mobileEmulationEnabled: false, nativeEvents: true, networkConnectionEnabled: false, pageLoadStrategy: normal, platform: XP, platformName: XP, rotatable: false, setWindowRect: true, takesHeapSnapshot: true, takesScreenshot: true, unexpectedAlertBehaviour: , unhandledPromptBehavior: , version: 71.0.3578.98, webStorageEnabled: true}
Session ID: c3d7329af8c736bcf6e058926038efc9
*** Element info: {Using=xpath, value=//*[@class=&apos;swal-text&apos;]}
	at sun.reflect.NativeConstructorAccessorImpl.newInstance0(Native Method)
	at sun.reflect.NativeConstructorAccessorImpl.newInstance(Unknown Source)
	at sun.reflect.DelegatingConstructorAccessorImpl.newInstance(Unknown Source)
	at java.lang.reflect.Constructor.newInstance(Unknown Source)
	at org.openqa.selenium.remote.ErrorHandler.createThrowable(ErrorHandler.java:214)
	at org.openqa.selenium.remote.ErrorHandler.throwIfResponseFailed(ErrorHandler.java:166)
	at org.openqa.selenium.remote.http.JsonHttpResponseCodec.reconstructValue(JsonHttpResponseCodec.java:40)
	at org.openqa.selenium.remote.http.AbstractHttpResponseCodec.decode(AbstractHttpResponseCodec.java:80)
	at org.openqa.selenium.remote.http.AbstractHttpResponseCodec.decode(AbstractHttpResponseCodec.java:44)
	at org.openqa.selenium.remote.HttpCommandExecutor.execute(HttpCommandExecutor.java:158)
	at org.openqa.selenium.remote.service.DriverCommandExecutor.execute(DriverCommandExecutor.java:83)
	at org.openqa.selenium.remote.RemoteWebDriver.execute(RemoteWebDriver.java:548)
	at org.openqa.selenium.remote.RemoteWebDriver.findElement(RemoteWebDriver.java:322)
	at org.openqa.selenium.remote.RemoteWebDriver.findElementByXPath(RemoteWebDriver.java:424)
	at org.openqa.selenium.By$ByXPath.findElement(By.java:353)
	at org.openqa.selenium.remote.RemoteWebDriver.findElement(RemoteWebDriver.java:314)
	at org.openqa.selenium.support.pagefactory.DefaultElementLocator.findElement(DefaultElementLocator.java:69)
	at org.openqa.selenium.support.pagefactory.internal.LocatingElementHandler.invoke(LocatingElementHandler.java:38)
	at com.sun.proxy.$Proxy13.getText(Unknown Source)
	at generic.MainActivity.getAlertText(MainActivity.java:261)
	at generic.MainActivity.asserAlert(MainActivity.java:90)
	at scripts.ForgotPassword.forgotPasswordwithInvaliddata(ForgotPassword.java:73)
	at sun.reflect.NativeMethodAccessorImpl.invoke0(Native Method)
	at sun.reflect.NativeMethodAccessorImpl.invoke(Unknown Source)
	at sun.reflect.DelegatingMethodAccessorImpl.invoke(Unknown Source)
	at java.lang.reflect.Method.invoke(Unknown Source)
	at org.testng.internal.MethodInvocationHelper.invokeMethod(MethodInvocationHelper.java:124)
	at org.testng.internal.Invoker.invokeMethod(Invoker.java:580)
	at org.testng.internal.Invoker.invokeTestMethod(Invoker.java:716)
	at org.testng.internal.Invoker.invokeTestMethods(Invoker.java:988)
	at org.testng.internal.TestMethodWorker.invokeTestMethods(TestMethodWorker.java:125)
	at org.testng.internal.TestMethodWorker.run(TestMethodWorker.java:109)
	at org.testng.TestRunner.privateRun(TestRunner.java:648)
	at org.testng.TestRunner.run(TestRunner.java:505)
	at org.testng.SuiteRunner.runTest(SuiteRunner.java:455)
	at org.testng.SuiteRunner.runSequentially(SuiteRunner.java:450)
	at org.testng.SuiteRunner.privateRun(SuiteRunner.java:415)
	at org.testng.SuiteRunner.run(SuiteRunner.java:364)
	at org.testng.SuiteRunnerWorker.runSuite(SuiteRunnerWorker.java:52)
	at org.testng.SuiteRunnerWorker.run(SuiteRunnerWorker.java:84)
	at org.testng.TestNG.runSuitesSequentially(TestNG.java:1208)
	at org.testng.TestNG.runSuitesLocally(TestNG.java:1137)
	at org.testng.TestNG.runSuites(TestNG.java:1049)
	at org.testng.TestNG.run(TestNG.java:1017)
	at org.testng.remote.AbstractRemoteTestNG.run(AbstractRemoteTestNG.java:114)
	at org.testng.remote.RemoteTestNG.initAndRun(RemoteTestNG.java:251)
	at org.testng.remote.RemoteTestNG.main(RemoteTestNG.java:77)
</pre></div></td>
<td>11</td>
<td>scripts.CartOperTest@6b9651f3</td></tr>
<tr>
<td title='scripts.CartOperTest.forgotPasswordwithWrongOTP()'><b>forgotPasswordwithWrongOTP</b><br>Test class: scripts.CartOperTest</td>
<td><div><pre>org.openqa.selenium.NoSuchElementException: no such element: Unable to locate element: {&quot;method&quot;:&quot;xpath&quot;,&quot;selector&quot;:&quot;//*[@class=&apos;swal-text&apos;]&quot;}
  (Session info: chrome=71.0.3578.98)
  (Driver info: chromedriver=2.42.591088 (7b2b2dca23cca0862f674758c9a3933e685c27d5),platform=Windows NT 10.0.16299 x86_64) (WARNING: The server did not provide any stacktrace information)
Command duration or timeout: 0 milliseconds
For documentation on this error, please visit: http://seleniumhq.org/exceptions/no_such_element.html
Build info: version: &apos;3.14.0&apos;, revision: &apos;aacccce0&apos;, time: &apos;2018-08-02T20:13:22.693Z&apos;
System info: host: &apos;T4UBLRLPUSR093&apos;, ip: &apos;172.16.2.150&apos;, os.name: &apos;Windows 10&apos;, os.arch: &apos;amd64&apos;, os.version: &apos;10.0&apos;, java.version: &apos;1.8.0_181&apos;
Driver info: org.openqa.selenium.chrome.ChromeDriver
Capabilities {acceptInsecureCerts: false, acceptSslCerts: false, applicationCacheEnabled: false, browserConnectionEnabled: false, browserName: chrome, chrome: {chromedriverVersion: 2.42.591088 (7b2b2dca23cca0..., userDataDir: C:\Users\CGN04\AppData\Loca...}, cssSelectorsEnabled: true, databaseEnabled: false, goog:chromeOptions: {debuggerAddress: localhost:50526}, handlesAlerts: true, hasTouchScreen: false, javascriptEnabled: true, locationContextEnabled: true, mobileEmulationEnabled: false, nativeEvents: true, networkConnectionEnabled: false, pageLoadStrategy: normal, platform: XP, platformName: XP, rotatable: false, setWindowRect: true, takesHeapSnapshot: true, takesScreenshot: true, unexpectedAlertBehaviour: , unhandledPromptBehavior: , version: 71.0.3578.98, webStorageEnabled: true}
Session ID: c3d7329af8c736bcf6e058926038efc9
*** Element info: {Using=xpath, value=//*[@class=&apos;swal-text&apos;]}
	at org.openqa.selenium.remote.ErrorHandler.createThrowable(ErrorHandler.java:214)
	at org.openqa.selenium.remote.ErrorHandler.throwIfResponseFailed(ErrorHandler.java:166)
	at org.openqa.selenium.remote.http.JsonHttpResponseCodec.reconstructValue(JsonHttpResponseCodec.java:40)
	at org.openqa.selenium.remote.http.AbstractHttpResponseCodec.decode(AbstractHttpResponseCodec.java:80)
	at org.openqa.selenium.remote.http.AbstractHttpResponseCodec.decode(AbstractHttpResponseCodec.java:44)
	at org.openqa.selenium.remote.HttpCommandExecutor.execute(HttpCommandExecutor.java:158)
	at org.openqa.selenium.remote.service.DriverCommandExecutor.execute(DriverCommandExecutor.java:83)
	at org.openqa.selenium.remote.RemoteWebDriver.execute(RemoteWebDriver.java:548)
	at org.openqa.selenium.remote.RemoteWebDriver.findElement(RemoteWebDriver.java:322)
	at org.openqa.selenium.remote.RemoteWebDriver.findElementByXPath(RemoteWebDriver.java:424)
	at org.openqa.selenium.By$ByXPath.findElement(By.java:353)
	at org.openqa.selenium.remote.RemoteWebDriver.findElement(RemoteWebDriver.java:314)
	at org.openqa.selenium.support.pagefactory.DefaultElementLocator.findElement(DefaultElementLocator.java:69)
	at org.openqa.selenium.support.pagefactory.internal.LocatingElementHandler.invoke(LocatingElementHandler.java:38)
	at com.sun.proxy.$Proxy13.getText(Unknown Source)
	at generic.MainActivity.getAlertText(MainActivity.java:261)
	at generic.MainActivity.asserAlert(MainActivity.java:90)
	at scripts.ForgotPassword.forgotPasswordwithWrongOTP(ForgotPassword.java:162)
... Removed 29 stack frames</pre></div><a href='#' onClick='toggleBox("stack-trace2055967078", this, "Click to show all stack frames", "Click to hide stack frames")'>Click to show all stack frames</a>
<div class='stack-trace' id='stack-trace2055967078'><pre>org.openqa.selenium.NoSuchElementException: no such element: Unable to locate element: {&quot;method&quot;:&quot;xpath&quot;,&quot;selector&quot;:&quot;//*[@class=&apos;swal-text&apos;]&quot;}
  (Session info: chrome=71.0.3578.98)
  (Driver info: chromedriver=2.42.591088 (7b2b2dca23cca0862f674758c9a3933e685c27d5),platform=Windows NT 10.0.16299 x86_64) (WARNING: The server did not provide any stacktrace information)
Command duration or timeout: 0 milliseconds
For documentation on this error, please visit: http://seleniumhq.org/exceptions/no_such_element.html
Build info: version: &apos;3.14.0&apos;, revision: &apos;aacccce0&apos;, time: &apos;2018-08-02T20:13:22.693Z&apos;
System info: host: &apos;T4UBLRLPUSR093&apos;, ip: &apos;172.16.2.150&apos;, os.name: &apos;Windows 10&apos;, os.arch: &apos;amd64&apos;, os.version: &apos;10.0&apos;, java.version: &apos;1.8.0_181&apos;
Driver info: org.openqa.selenium.chrome.ChromeDriver
Capabilities {acceptInsecureCerts: false, acceptSslCerts: false, applicationCacheEnabled: false, browserConnectionEnabled: false, browserName: chrome, chrome: {chromedriverVersion: 2.42.591088 (7b2b2dca23cca0..., userDataDir: C:\Users\CGN04\AppData\Loca...}, cssSelectorsEnabled: true, databaseEnabled: false, goog:chromeOptions: {debuggerAddress: localhost:50526}, handlesAlerts: true, hasTouchScreen: false, javascriptEnabled: true, locationContextEnabled: true, mobileEmulationEnabled: false, nativeEvents: true, networkConnectionEnabled: false, pageLoadStrategy: normal, platform: XP, platformName: XP, rotatable: false, setWindowRect: true, takesHeapSnapshot: true, takesScreenshot: true, unexpectedAlertBehaviour: , unhandledPromptBehavior: , version: 71.0.3578.98, webStorageEnabled: true}
Session ID: c3d7329af8c736bcf6e058926038efc9
*** Element info: {Using=xpath, value=//*[@class=&apos;swal-text&apos;]}
	at sun.reflect.NativeConstructorAccessorImpl.newInstance0(Native Method)
	at sun.reflect.NativeConstructorAccessorImpl.newInstance(Unknown Source)
	at sun.reflect.DelegatingConstructorAccessorImpl.newInstance(Unknown Source)
	at java.lang.reflect.Constructor.newInstance(Unknown Source)
	at org.openqa.selenium.remote.ErrorHandler.createThrowable(ErrorHandler.java:214)
	at org.openqa.selenium.remote.ErrorHandler.throwIfResponseFailed(ErrorHandler.java:166)
	at org.openqa.selenium.remote.http.JsonHttpResponseCodec.reconstructValue(JsonHttpResponseCodec.java:40)
	at org.openqa.selenium.remote.http.AbstractHttpResponseCodec.decode(AbstractHttpResponseCodec.java:80)
	at org.openqa.selenium.remote.http.AbstractHttpResponseCodec.decode(AbstractHttpResponseCodec.java:44)
	at org.openqa.selenium.remote.HttpCommandExecutor.execute(HttpCommandExecutor.java:158)
	at org.openqa.selenium.remote.service.DriverCommandExecutor.execute(DriverCommandExecutor.java:83)
	at org.openqa.selenium.remote.RemoteWebDriver.execute(RemoteWebDriver.java:548)
	at org.openqa.selenium.remote.RemoteWebDriver.findElement(RemoteWebDriver.java:322)
	at org.openqa.selenium.remote.RemoteWebDriver.findElementByXPath(RemoteWebDriver.java:424)
	at org.openqa.selenium.By$ByXPath.findElement(By.java:353)
	at org.openqa.selenium.remote.RemoteWebDriver.findElement(RemoteWebDriver.java:314)
	at org.openqa.selenium.support.pagefactory.DefaultElementLocator.findElement(DefaultElementLocator.java:69)
	at org.openqa.selenium.support.pagefactory.internal.LocatingElementHandler.invoke(LocatingElementHandler.java:38)
	at com.sun.proxy.$Proxy13.getText(Unknown Source)
	at generic.MainActivity.getAlertText(MainActivity.java:261)
	at generic.MainActivity.asserAlert(MainActivity.java:90)
	at scripts.ForgotPassword.forgotPasswordwithWrongOTP(ForgotPassword.java:162)
	at sun.reflect.NativeMethodAccessorImpl.invoke0(Native Method)
	at sun.reflect.NativeMethodAccessorImpl.invoke(Unknown Source)
	at sun.reflect.DelegatingMethodAccessorImpl.invoke(Unknown Source)
	at java.lang.reflect.Method.invoke(Unknown Source)
	at org.testng.internal.MethodInvocationHelper.invokeMethod(MethodInvocationHelper.java:124)
	at org.testng.internal.Invoker.invokeMethod(Invoker.java:580)
	at org.testng.internal.Invoker.invokeTestMethod(Invoker.java:716)
	at org.testng.internal.Invoker.invokeTestMethods(Invoker.java:988)
	at org.testng.internal.TestMethodWorker.invokeTestMethods(TestMethodWorker.java:125)
	at org.testng.internal.TestMethodWorker.run(TestMethodWorker.java:109)
	at org.testng.TestRunner.privateRun(TestRunner.java:648)
	at org.testng.TestRunner.run(TestRunner.java:505)
	at org.testng.SuiteRunner.runTest(SuiteRunner.java:455)
	at org.testng.SuiteRunner.runSequentially(SuiteRunner.java:450)
	at org.testng.SuiteRunner.privateRun(SuiteRunner.java:415)
	at org.testng.SuiteRunner.run(SuiteRunner.java:364)
	at org.testng.SuiteRunnerWorker.runSuite(SuiteRunnerWorker.java:52)
	at org.testng.SuiteRunnerWorker.run(SuiteRunnerWorker.java:84)
	at org.testng.TestNG.runSuitesSequentially(TestNG.java:1208)
	at org.testng.TestNG.runSuitesLocally(TestNG.java:1137)
	at org.testng.TestNG.runSuites(TestNG.java:1049)
	at org.testng.TestNG.run(TestNG.java:1017)
	at org.testng.remote.AbstractRemoteTestNG.run(AbstractRemoteTestNG.java:114)
	at org.testng.remote.RemoteTestNG.initAndRun(RemoteTestNG.java:251)
	at org.testng.remote.RemoteTestNG.main(RemoteTestNG.java:77)
</pre></div></td>
<td>12</td>
<td>scripts.CartOperTest@6b9651f3</td></tr>
<tr>
<td title='scripts.CartOperTest.verifyPrice()'><b>verifyPrice</b><br>Test class: scripts.CartOperTest</td>
<td><div><pre>java.lang.AssertionError: expected [1.0] but found [0.0]
	at scripts.ConsumerModel.verifyPrice(ConsumerModel.java:481)
... Removed 30 stack frames</pre></div><a href='#' onClick='toggleBox("stack-trace421984610", this, "Click to show all stack frames", "Click to hide stack frames")'>Click to show all stack frames</a>
<div class='stack-trace' id='stack-trace421984610'><pre>java.lang.AssertionError: expected [1.0] but found [0.0]
	at org.testng.Assert.fail(Assert.java:96)
	at org.testng.Assert.failNotEquals(Assert.java:776)
	at org.testng.Assert.assertEqualsImpl(Assert.java:137)
	at org.testng.Assert.assertEquals(Assert.java:118)
	at org.testng.Assert.assertEquals(Assert.java:442)
	at scripts.ConsumerModel.verifyPrice(ConsumerModel.java:481)
	at sun.reflect.NativeMethodAccessorImpl.invoke0(Native Method)
	at sun.reflect.NativeMethodAccessorImpl.invoke(Unknown Source)
	at sun.reflect.DelegatingMethodAccessorImpl.invoke(Unknown Source)
	at java.lang.reflect.Method.invoke(Unknown Source)
	at org.testng.internal.MethodInvocationHelper.invokeMethod(MethodInvocationHelper.java:124)
	at org.testng.internal.Invoker.invokeMethod(Invoker.java:580)
	at org.testng.internal.Invoker.invokeTestMethod(Invoker.java:716)
	at org.testng.internal.Invoker.invokeTestMethods(Invoker.java:988)
	at org.testng.internal.TestMethodWorker.invokeTestMethods(TestMethodWorker.java:125)
	at org.testng.internal.TestMethodWorker.run(TestMethodWorker.java:109)
	at org.testng.TestRunner.privateRun(TestRunner.java:648)
	at org.testng.TestRunner.run(TestRunner.java:505)
	at org.testng.SuiteRunner.runTest(SuiteRunner.java:455)
	at org.testng.SuiteRunner.runSequentially(SuiteRunner.java:450)
	at org.testng.SuiteRunner.privateRun(SuiteRunner.java:415)
	at org.testng.SuiteRunner.run(SuiteRunner.java:364)
	at org.testng.SuiteRunnerWorker.runSuite(SuiteRunnerWorker.java:52)
	at org.testng.SuiteRunnerWorker.run(SuiteRunnerWorker.java:84)
	at org.testng.TestNG.runSuitesSequentially(TestNG.java:1208)
	at org.testng.TestNG.runSuitesLocally(TestNG.java:1137)
	at org.testng.TestNG.runSuites(TestNG.java:1049)
	at org.testng.TestNG.run(TestNG.java:1017)
	at org.testng.remote.AbstractRemoteTestNG.run(AbstractRemoteTestNG.java:114)
	at org.testng.remote.RemoteTestNG.initAndRun(RemoteTestNG.java:251)
	at org.testng.remote.RemoteTestNG.main(RemoteTestNG.java:77)
</pre></div></td>
<td>0</td>
<td>scripts.CartOperTest@6b9651f3</td></tr>
<tr>
<td title='scripts.CartOperTest.verifygst()'><b>verifygst</b><br>Test class: scripts.CartOperTest</td>
<td><div><pre>java.lang.NullPointerException
	at pages.RegisterPage.getGSTNO(RegisterPage.java:115)
	at scripts.RegisterAsIndividual.verifygst(RegisterAsIndividual.java:367)
... Removed 25 stack frames</pre></div><a href='#' onClick='toggleBox("stack-trace648214521", this, "Click to show all stack frames", "Click to hide stack frames")'>Click to show all stack frames</a>
<div class='stack-trace' id='stack-trace648214521'><pre>java.lang.NullPointerException
	at pages.RegisterPage.getGSTNO(RegisterPage.java:115)
	at scripts.RegisterAsIndividual.verifygst(RegisterAsIndividual.java:367)
	at sun.reflect.NativeMethodAccessorImpl.invoke0(Native Method)
	at sun.reflect.NativeMethodAccessorImpl.invoke(Unknown Source)
	at sun.reflect.DelegatingMethodAccessorImpl.invoke(Unknown Source)
	at java.lang.reflect.Method.invoke(Unknown Source)
	at org.testng.internal.MethodInvocationHelper.invokeMethod(MethodInvocationHelper.java:124)
	at org.testng.internal.Invoker.invokeMethod(Invoker.java:580)
	at org.testng.internal.Invoker.invokeTestMethod(Invoker.java:716)
	at org.testng.internal.Invoker.invokeTestMethods(Invoker.java:988)
	at org.testng.internal.TestMethodWorker.invokeTestMethods(TestMethodWorker.java:125)
	at org.testng.internal.TestMethodWorker.run(TestMethodWorker.java:109)
	at org.testng.TestRunner.privateRun(TestRunner.java:648)
	at org.testng.TestRunner.run(TestRunner.java:505)
	at org.testng.SuiteRunner.runTest(SuiteRunner.java:455)
	at org.testng.SuiteRunner.runSequentially(SuiteRunner.java:450)
	at org.testng.SuiteRunner.privateRun(SuiteRunner.java:415)
	at org.testng.SuiteRunner.run(SuiteRunner.java:364)
	at org.testng.SuiteRunnerWorker.runSuite(SuiteRunnerWorker.java:52)
	at org.testng.SuiteRunnerWorker.run(SuiteRunnerWorker.java:84)
	at org.testng.TestNG.runSuitesSequentially(TestNG.java:1208)
	at org.testng.TestNG.runSuitesLocally(TestNG.java:1137)
	at org.testng.TestNG.runSuites(TestNG.java:1049)
	at org.testng.TestNG.run(TestNG.java:1017)
	at org.testng.remote.AbstractRemoteTestNG.run(AbstractRemoteTestNG.java:114)
	at org.testng.remote.RemoteTestNG.initAndRun(RemoteTestNG.java:251)
	at org.testng.remote.RemoteTestNG.main(RemoteTestNG.java:77)
</pre></div></td>
<td>0</td>
<td>scripts.CartOperTest@6b9651f3</td></tr>
<tr>
<td title='scripts.CartOperTest.xvalidateMobileAlready()'><b>xvalidateMobileAlready</b><br>Test class: scripts.CartOperTest</td>
<td><div><pre>java.lang.AssertionError: expected [true] but found [false]
	at generic.MainActivity.asserAlert(MainActivity.java:94)
	at scripts.RegisterAsIndividual.xvalidateMobileAlready(RegisterAsIndividual.java:399)
... Removed 29 stack frames</pre></div><a href='#' onClick='toggleBox("stack-trace1270383967", this, "Click to show all stack frames", "Click to hide stack frames")'>Click to show all stack frames</a>
<div class='stack-trace' id='stack-trace1270383967'><pre>java.lang.AssertionError: expected [true] but found [false]
	at org.testng.Assert.fail(Assert.java:96)
	at org.testng.Assert.failNotEquals(Assert.java:776)
	at org.testng.Assert.assertTrue(Assert.java:44)
	at org.testng.Assert.assertTrue(Assert.java:54)
	at generic.MainActivity.asserAlert(MainActivity.java:94)
	at scripts.RegisterAsIndividual.xvalidateMobileAlready(RegisterAsIndividual.java:399)
	at sun.reflect.NativeMethodAccessorImpl.invoke0(Native Method)
	at sun.reflect.NativeMethodAccessorImpl.invoke(Unknown Source)
	at sun.reflect.DelegatingMethodAccessorImpl.invoke(Unknown Source)
	at java.lang.reflect.Method.invoke(Unknown Source)
	at org.testng.internal.MethodInvocationHelper.invokeMethod(MethodInvocationHelper.java:124)
	at org.testng.internal.Invoker.invokeMethod(Invoker.java:580)
	at org.testng.internal.Invoker.invokeTestMethod(Invoker.java:716)
	at org.testng.internal.Invoker.invokeTestMethods(Invoker.java:988)
	at org.testng.internal.TestMethodWorker.invokeTestMethods(TestMethodWorker.java:125)
	at org.testng.internal.TestMethodWorker.run(TestMethodWorker.java:109)
	at org.testng.TestRunner.privateRun(TestRunner.java:648)
	at org.testng.TestRunner.run(TestRunner.java:505)
	at org.testng.SuiteRunner.runTest(SuiteRunner.java:455)
	at org.testng.SuiteRunner.runSequentially(SuiteRunner.java:450)
	at org.testng.SuiteRunner.privateRun(SuiteRunner.java:415)
	at org.testng.SuiteRunner.run(SuiteRunner.java:364)
	at org.testng.SuiteRunnerWorker.runSuite(SuiteRunnerWorker.java:52)
	at org.testng.SuiteRunnerWorker.run(SuiteRunnerWorker.java:84)
	at org.testng.TestNG.runSuitesSequentially(TestNG.java:1208)
	at org.testng.TestNG.runSuitesLocally(TestNG.java:1137)
	at org.testng.TestNG.runSuites(TestNG.java:1049)
	at org.testng.TestNG.run(TestNG.java:1017)
	at org.testng.remote.AbstractRemoteTestNG.run(AbstractRemoteTestNG.java:114)
	at org.testng.remote.RemoteTestNG.initAndRun(RemoteTestNG.java:251)
	at org.testng.remote.RemoteTestNG.main(RemoteTestNG.java:77)
</pre></div></td>
<td>7</td>
<td>scripts.CartOperTest@6b9651f3</td></tr>
<tr>
<td title='scripts.CartOperTest.yavalidateUsernameAlready()'><b>yavalidateUsernameAlready</b><br>Test class: scripts.CartOperTest</td>
<td><div><pre>java.lang.AssertionError: expected [true] but found [false]
	at generic.MainActivity.asserAlert(MainActivity.java:94)
	at scripts.RegisterAsIndividual.yavalidateUsernameAlready(RegisterAsIndividual.java:431)
... Removed 29 stack frames</pre></div><a href='#' onClick='toggleBox("stack-trace1241897134", this, "Click to show all stack frames", "Click to hide stack frames")'>Click to show all stack frames</a>
<div class='stack-trace' id='stack-trace1241897134'><pre>java.lang.AssertionError: expected [true] but found [false]
	at org.testng.Assert.fail(Assert.java:96)
	at org.testng.Assert.failNotEquals(Assert.java:776)
	at org.testng.Assert.assertTrue(Assert.java:44)
	at org.testng.Assert.assertTrue(Assert.java:54)
	at generic.MainActivity.asserAlert(MainActivity.java:94)
	at scripts.RegisterAsIndividual.yavalidateUsernameAlready(RegisterAsIndividual.java:431)
	at sun.reflect.NativeMethodAccessorImpl.invoke0(Native Method)
	at sun.reflect.NativeMethodAccessorImpl.invoke(Unknown Source)
	at sun.reflect.DelegatingMethodAccessorImpl.invoke(Unknown Source)
	at java.lang.reflect.Method.invoke(Unknown Source)
	at org.testng.internal.MethodInvocationHelper.invokeMethod(MethodInvocationHelper.java:124)
	at org.testng.internal.Invoker.invokeMethod(Invoker.java:580)
	at org.testng.internal.Invoker.invokeTestMethod(Invoker.java:716)
	at org.testng.internal.Invoker.invokeTestMethods(Invoker.java:988)
	at org.testng.internal.TestMethodWorker.invokeTestMethods(TestMethodWorker.java:125)
	at org.testng.internal.TestMethodWorker.run(TestMethodWorker.java:109)
	at org.testng.TestRunner.privateRun(TestRunner.java:648)
	at org.testng.TestRunner.run(TestRunner.java:505)
	at org.testng.SuiteRunner.runTest(SuiteRunner.java:455)
	at org.testng.SuiteRunner.runSequentially(SuiteRunner.java:450)
	at org.testng.SuiteRunner.privateRun(SuiteRunner.java:415)
	at org.testng.SuiteRunner.run(SuiteRunner.java:364)
	at org.testng.SuiteRunnerWorker.runSuite(SuiteRunnerWorker.java:52)
	at org.testng.SuiteRunnerWorker.run(SuiteRunnerWorker.java:84)
	at org.testng.TestNG.runSuitesSequentially(TestNG.java:1208)
	at org.testng.TestNG.runSuitesLocally(TestNG.java:1137)
	at org.testng.TestNG.runSuites(TestNG.java:1049)
	at org.testng.TestNG.run(TestNG.java:1017)
	at org.testng.remote.AbstractRemoteTestNG.run(AbstractRemoteTestNG.java:114)
	at org.testng.remote.RemoteTestNG.initAndRun(RemoteTestNG.java:251)
	at org.testng.remote.RemoteTestNG.main(RemoteTestNG.java:77)
</pre></div></td>
<td>28</td>
<td>scripts.CartOperTest@6b9651f3</td></tr>
</table><p>
<table width='100%' border='1' class='invocation-passed'>
<tr><td colspan='4' align='center'><b>PASSED TESTS</b></td></tr>
<tr><td><b>Test method</b></td>
<td width="30%"><b>Exception</b></td>
<td width="10%"><b>Time (seconds)</b></td>
<td><b>Instance</b></td>
</tr>
<tr>
<td title='scripts.CartOperTest.RBwithoutLoca()'><b>RBwithoutLoca</b><br>Test class: scripts.CartOperTest</td>
<td></td>
<td>5</td>
<td>scripts.CartOperTest@6b9651f3</td></tr>
<tr>
<td title='scripts.CartOperTest.aCheckPrices()'><b>aCheckPrices</b><br>Test class: scripts.CartOperTest</td>
<td></td>
<td>2</td>
<td>scripts.CartOperTest@6b9651f3</td></tr>
<tr>
<td title='scripts.CartOperTest.aCheckQty()'><b>aCheckQty</b><br>Test class: scripts.CartOperTest</td>
<td></td>
<td>2</td>
<td>scripts.CartOperTest@6b9651f3</td></tr>
<tr>
<td title='scripts.CartOperTest.aCreditCard()'><b>aCreditCard</b><br>Test class: scripts.CartOperTest</td>
<td></td>
<td>17</td>
<td>scripts.CartOperTest@6b9651f3</td></tr>
<tr>
<td title='scripts.CartOperTest.aDBSet()'><b>aDBSet</b><br>Test class: scripts.CartOperTest</td>
<td></td>
<td>6</td>
<td>scripts.CartOperTest@6b9651f3</td></tr>
<tr>
<td title='scripts.CartOperTest.afterCredit()'><b>afterCredit</b><br>Test class: scripts.CartOperTest</td>
<td></td>
<td>1</td>
<td>scripts.CartOperTest@6b9651f3</td></tr>
<tr>
<td title='scripts.CartOperTest.cancelPayment()'><b>cancelPayment</b><br>Test class: scripts.CartOperTest</td>
<td></td>
<td>19</td>
<td>scripts.CartOperTest@6b9651f3</td></tr>
<tr>
<td title='scripts.CartOperTest.checkAddCartBtn()'><b>checkAddCartBtn</b><br>Test class: scripts.CartOperTest</td>
<td></td>
<td>5</td>
<td>scripts.CartOperTest@6b9651f3</td></tr>
<tr>
<td title='scripts.CartOperTest.checkAll()'><b>checkAll</b><br>Test class: scripts.CartOperTest</td>
<td></td>
<td>0</td>
<td>scripts.CartOperTest@6b9651f3</td></tr>
<tr>
<td title='scripts.CartOperTest.checkBookFormBackward()'><b>checkBookFormBackward</b><br>Test class: scripts.CartOperTest<br>Parameters: Mini Haiwa, 150, 0</td>
<td></td>
<td>2</td>
<td>scripts.CartOperTest@6b9651f3</td></tr>
<tr>
<td title='scripts.CartOperTest.checkBookFormBackward()'><b>checkBookFormBackward</b><br>Test class: scripts.CartOperTest<br>Parameters: Truck-6, 300, 0</td>
<td></td>
<td>2</td>
<td>scripts.CartOperTest@6b9651f3</td></tr>
<tr>
<td title='scripts.CartOperTest.checkBookFormBackward()'><b>checkBookFormBackward</b><br>Test class: scripts.CartOperTest<br>Parameters: Truck-10, 450, 0</td>
<td></td>
<td>2</td>
<td>scripts.CartOperTest@6b9651f3</td></tr>
<tr>
<td title='scripts.CartOperTest.checkBookFormBackward()'><b>checkBookFormBackward</b><br>Test class: scripts.CartOperTest<br>Parameters: Truck-12, 600, 0</td>
<td></td>
<td>2</td>
<td>scripts.CartOperTest@6b9651f3</td></tr>
<tr>
<td title='scripts.CartOperTest.checkBookFormBackward()'><b>checkBookFormBackward</b><br>Test class: scripts.CartOperTest<br>Parameters: TruckTrailor-14, 650, 0</td>
<td></td>
<td>2</td>
<td>scripts.CartOperTest@6b9651f3</td></tr>
<tr>
<td title='scripts.CartOperTest.checkBookFormBackward()'><b>checkBookFormBackward</b><br>Test class: scripts.CartOperTest<br>Parameters: Truck-14, 700, 0</td>
<td></td>
<td>2</td>
<td>scripts.CartOperTest@6b9651f3</td></tr>
<tr>
<td title='scripts.CartOperTest.checkBookFormBackward()'><b>checkBookFormBackward</b><br>Test class: scripts.CartOperTest<br>Parameters: Truck-18, 750, 0</td>
<td></td>
<td>2</td>
<td>scripts.CartOperTest@6b9651f3</td></tr>
<tr>
<td title='scripts.CartOperTest.checkBookFormBackward()'><b>checkBookFormBackward</b><br>Test class: scripts.CartOperTest<br>Parameters: Truck-22, 900, 0</td>
<td></td>
<td>2</td>
<td>scripts.CartOperTest@6b9651f3</td></tr>
<tr>
<td title='scripts.CartOperTest.checkBookingid()'><b>checkBookingid</b><br>Test class: scripts.CartOperTest</td>
<td></td>
<td>0</td>
<td>scripts.CartOperTest@6b9651f3</td></tr>
<tr>
<td title='scripts.CartOperTest.checkCalculation()'><b>checkCalculation</b><br>Test class: scripts.CartOperTest</td>
<td></td>
<td>0</td>
<td>scripts.CartOperTest@6b9651f3</td></tr>
<tr>
<td title='scripts.CartOperTest.checkDestination()'><b>checkDestination</b><br>Test class: scripts.CartOperTest</td>
<td></td>
<td>5</td>
<td>scripts.CartOperTest@6b9651f3</td></tr>
<tr>
<td title='scripts.CartOperTest.checkDestinationWithInvalidmobile()'><b>checkDestinationWithInvalidmobile</b><br>Test class: scripts.CartOperTest</td>
<td></td>
<td>9</td>
<td>scripts.CartOperTest@6b9651f3</td></tr>
<tr>
<td title='scripts.CartOperTest.checkDestinationWithOutMobile()'><b>checkDestinationWithOutMobile</b><br>Test class: scripts.CartOperTest</td>
<td></td>
<td>8</td>
<td>scripts.CartOperTest@6b9651f3</td></tr>
<tr>
<td title='scripts.CartOperTest.checkDestinationWithvalidmobile()'><b>checkDestinationWithvalidmobile</b><br>Test class: scripts.CartOperTest</td>
<td></td>
<td>6</td>
<td>scripts.CartOperTest@6b9651f3</td></tr>
<tr>
<td title='scripts.CartOperTest.checkGSTinCP()'><b>checkGSTinCP</b><br>Test class: scripts.CartOperTest</td>
<td></td>
<td>0</td>
<td>scripts.CartOperTest@6b9651f3</td></tr>
<tr>
<td title='scripts.CartOperTest.checkPaymentStatus()'><b>checkPaymentStatus</b><br>Test class: scripts.CartOperTest</td>
<td></td>
<td>0</td>
<td>scripts.CartOperTest@6b9651f3</td></tr>
<tr>
<td title='scripts.CartOperTest.checkPriceInCart()'><b>checkPriceInCart</b><br>Test class: scripts.CartOperTest</td>
<td></td>
<td>2</td>
<td>scripts.CartOperTest@6b9651f3</td></tr>
<tr>
<td title='scripts.CartOperTest.checkQTYInCart()'><b>checkQTYInCart</b><br>Test class: scripts.CartOperTest</td>
<td></td>
<td>2</td>
<td>scripts.CartOperTest@6b9651f3</td></tr>
<tr>
<td title='scripts.CartOperTest.checkQtyB()'><b>checkQtyB</b><br>Test class: scripts.CartOperTest</td>
<td></td>
<td>0</td>
<td>scripts.CartOperTest@6b9651f3</td></tr>
<tr>
<td title='scripts.CartOperTest.checkResMsg()'><b>checkResMsg</b><br>Test class: scripts.CartOperTest</td>
<td></td>
<td>0</td>
<td>scripts.CartOperTest@6b9651f3</td></tr>
<tr>
<td title='scripts.CartOperTest.checkStockyardInCart()'><b>checkStockyardInCart</b><br>Test class: scripts.CartOperTest</td>
<td></td>
<td>2</td>
<td>scripts.CartOperTest@6b9651f3</td></tr>
<tr>
<td title='scripts.CartOperTest.checkStockyardinCP()'><b>checkStockyardinCP</b><br>Test class: scripts.CartOperTest</td>
<td></td>
<td>0</td>
<td>scripts.CartOperTest@6b9651f3</td></tr>
<tr>
<td title='scripts.CartOperTest.checkTotPriceCP()'><b>checkTotPriceCP</b><br>Test class: scripts.CartOperTest</td>
<td></td>
<td>0</td>
<td>scripts.CartOperTest@6b9651f3</td></tr>
<tr>
<td title='scripts.CartOperTest.checkTotalPayableinCP()'><b>checkTotalPayableinCP</b><br>Test class: scripts.CartOperTest</td>
<td></td>
<td>0</td>
<td>scripts.CartOperTest@6b9651f3</td></tr>
<tr>
<td title='scripts.CartOperTest.checkTotalQTY()'><b>checkTotalQTY</b><br>Test class: scripts.CartOperTest</td>
<td></td>
<td>0</td>
<td>scripts.CartOperTest@6b9651f3</td></tr>
<tr>
<td title='scripts.CartOperTest.checkUnitPriceCP()'><b>checkUnitPriceCP</b><br>Test class: scripts.CartOperTest</td>
<td></td>
<td>0</td>
<td>scripts.CartOperTest@6b9651f3</td></tr>
<tr>
<td title='scripts.CartOperTest.checkaddress()'><b>checkaddress</b><br>Test class: scripts.CartOperTest</td>
<td></td>
<td>0</td>
<td>scripts.CartOperTest@6b9651f3</td></tr>
<tr>
<td title='scripts.CartOperTest.checkbookingid()'><b>checkbookingid</b><br>Test class: scripts.CartOperTest</td>
<td></td>
<td>0</td>
<td>scripts.CartOperTest@6b9651f3</td></tr>
<tr>
<td title='scripts.CartOperTest.checkprice()'><b>checkprice</b><br>Test class: scripts.CartOperTest</td>
<td></td>
<td>0</td>
<td>scripts.CartOperTest@6b9651f3</td></tr>
<tr>
<td title='scripts.CartOperTest.checkstatus()'><b>checkstatus</b><br>Test class: scripts.CartOperTest</td>
<td></td>
<td>0</td>
<td>scripts.CartOperTest@6b9651f3</td></tr>
<tr>
<td title='scripts.CartOperTest.checktotalQty()'><b>checktotalQty</b><br>Test class: scripts.CartOperTest</td>
<td></td>
<td>0</td>
<td>scripts.CartOperTest@6b9651f3</td></tr>
<tr>
<td title='scripts.CartOperTest.clickOnBuy()'><b>clickOnBuy</b><br>Test class: scripts.CartOperTest</td>
<td></td>
<td>0</td>
<td>scripts.CartOperTest@6b9651f3</td></tr>
<tr>
<td title='scripts.CartOperTest.clickonAddToCart()'><b>clickonAddToCart</b><br>Test class: scripts.CartOperTest</td>
<td></td>
<td>4</td>
<td>scripts.CartOperTest@6b9651f3</td></tr>
<tr>
<td title='scripts.CartOperTest.creditCncl()'><b>creditCncl</b><br>Test class: scripts.CartOperTest</td>
<td></td>
<td>10</td>
<td>scripts.CartOperTest@6b9651f3</td></tr>
<tr>
<td title='scripts.CartOperTest.dValidatePrice()'><b>dValidatePrice</b><br>Test class: scripts.CartOperTest</td>
<td></td>
<td>0</td>
<td>scripts.CartOperTest@6b9651f3</td></tr>
<tr>
<td title='scripts.CartOperTest.dcheckAddCartBtn()'><b>dcheckAddCartBtn</b><br>Test class: scripts.CartOperTest</td>
<td></td>
<td>7</td>
<td>scripts.CartOperTest@6b9651f3</td></tr>
<tr>
<td title='scripts.CartOperTest.echeckAddCartBtn()'><b>echeckAddCartBtn</b><br>Test class: scripts.CartOperTest</td>
<td></td>
<td>9</td>
<td>scripts.CartOperTest@6b9651f3</td></tr>
<tr>
<td title='scripts.CartOperTest.exeedUserlimit()'><b>exeedUserlimit</b><br>Test class: scripts.CartOperTest</td>
<td></td>
<td>1</td>
<td>scripts.CartOperTest@6b9651f3</td></tr>
<tr>
<td title='scripts.CartOperTest.fillBookingForm()'><b>fillBookingForm</b><br>Test class: scripts.CartOperTest<br>Parameters: Tractor, 100, 1</td>
<td></td>
<td>1</td>
<td>scripts.CartOperTest@6b9651f3</td></tr>
<tr>
<td title='scripts.CartOperTest.fillBookingForm()'><b>fillBookingForm</b><br>Test class: scripts.CartOperTest<br>Parameters: Mini Haiwa, 150, 0</td>
<td></td>
<td>1</td>
<td>scripts.CartOperTest@6b9651f3</td></tr>
<tr>
<td title='scripts.CartOperTest.fillBookingForm()'><b>fillBookingForm</b><br>Test class: scripts.CartOperTest<br>Parameters: Truck-6, 300, 0</td>
<td></td>
<td>1</td>
<td>scripts.CartOperTest@6b9651f3</td></tr>
<tr>
<td title='scripts.CartOperTest.fillBookingForm()'><b>fillBookingForm</b><br>Test class: scripts.CartOperTest<br>Parameters: Truck-10, 450, 0</td>
<td></td>
<td>1</td>
<td>scripts.CartOperTest@6b9651f3</td></tr>
<tr>
<td title='scripts.CartOperTest.fillBookingForm()'><b>fillBookingForm</b><br>Test class: scripts.CartOperTest<br>Parameters: Truck-12, 600, 0</td>
<td></td>
<td>1</td>
<td>scripts.CartOperTest@6b9651f3</td></tr>
<tr>
<td title='scripts.CartOperTest.fillBookingForm()'><b>fillBookingForm</b><br>Test class: scripts.CartOperTest<br>Parameters: TruckTrailor-14, 650, 0</td>
<td></td>
<td>1</td>
<td>scripts.CartOperTest@6b9651f3</td></tr>
<tr>
<td title='scripts.CartOperTest.fillBookingForm()'><b>fillBookingForm</b><br>Test class: scripts.CartOperTest<br>Parameters: Truck-14, 700, 0</td>
<td></td>
<td>1</td>
<td>scripts.CartOperTest@6b9651f3</td></tr>
<tr>
<td title='scripts.CartOperTest.fillBookingForm()'><b>fillBookingForm</b><br>Test class: scripts.CartOperTest<br>Parameters: Truck-18, 750, 0</td>
<td></td>
<td>1</td>
<td>scripts.CartOperTest@6b9651f3</td></tr>
<tr>
<td title='scripts.CartOperTest.fillBookingForm()'><b>fillBookingForm</b><br>Test class: scripts.CartOperTest<br>Parameters: Truck-22, 900, 0</td>
<td></td>
<td>1</td>
<td>scripts.CartOperTest@6b9651f3</td></tr>
<tr>
<td title='scripts.CartOperTest.fillBookingForm2()'><b>fillBookingForm2</b><br>Test class: scripts.CartOperTest<br>Parameters: Tractor, 100, 1</td>
<td></td>
<td>11</td>
<td>scripts.CartOperTest@6b9651f3</td></tr>
<tr>
<td title='scripts.CartOperTest.fillBookingForm2()'><b>fillBookingForm2</b><br>Test class: scripts.CartOperTest<br>Parameters: Mini Haiwa, 150, 0</td>
<td></td>
<td>11</td>
<td>scripts.CartOperTest@6b9651f3</td></tr>
<tr>
<td title='scripts.CartOperTest.fillBookingForm2()'><b>fillBookingForm2</b><br>Test class: scripts.CartOperTest<br>Parameters: Truck-6, 300, 0</td>
<td></td>
<td>11</td>
<td>scripts.CartOperTest@6b9651f3</td></tr>
<tr>
<td title='scripts.CartOperTest.fillBookingForm2()'><b>fillBookingForm2</b><br>Test class: scripts.CartOperTest<br>Parameters: Truck-10, 450, 0</td>
<td></td>
<td>11</td>
<td>scripts.CartOperTest@6b9651f3</td></tr>
<tr>
<td title='scripts.CartOperTest.fillBookingForm2()'><b>fillBookingForm2</b><br>Test class: scripts.CartOperTest<br>Parameters: Truck-12, 600, 0</td>
<td></td>
<td>11</td>
<td>scripts.CartOperTest@6b9651f3</td></tr>
<tr>
<td title='scripts.CartOperTest.fillBookingForm2()'><b>fillBookingForm2</b><br>Test class: scripts.CartOperTest<br>Parameters: TruckTrailor-14, 650, 0</td>
<td></td>
<td>11</td>
<td>scripts.CartOperTest@6b9651f3</td></tr>
<tr>
<td title='scripts.CartOperTest.fillBookingForm2()'><b>fillBookingForm2</b><br>Test class: scripts.CartOperTest<br>Parameters: Truck-14, 700, 0</td>
<td></td>
<td>11</td>
<td>scripts.CartOperTest@6b9651f3</td></tr>
<tr>
<td title='scripts.CartOperTest.fillBookingForm2()'><b>fillBookingForm2</b><br>Test class: scripts.CartOperTest<br>Parameters: Truck-18, 750, 0</td>
<td></td>
<td>11</td>
<td>scripts.CartOperTest@6b9651f3</td></tr>
<tr>
<td title='scripts.CartOperTest.fillBookingForm2()'><b>fillBookingForm2</b><br>Test class: scripts.CartOperTest<br>Parameters: Truck-22, 900, 0</td>
<td></td>
<td>11</td>
<td>scripts.CartOperTest@6b9651f3</td></tr>
<tr>
<td title='scripts.CartOperTest.forgotPasswordwithAllValidDATA()'><b>forgotPasswordwithAllValidDATA</b><br>Test class: scripts.CartOperTest</td>
<td></td>
<td>14</td>
<td>scripts.CartOperTest@6b9651f3</td></tr>
<tr>
<td title='scripts.CartOperTest.forgotPasswordwithInvalidMobile()'><b>forgotPasswordwithInvalidMobile</b><br>Test class: scripts.CartOperTest</td>
<td></td>
<td>8</td>
<td>scripts.CartOperTest@6b9651f3</td></tr>
<tr>
<td title='scripts.CartOperTest.forgotPasswordwithMissmatchPWD()'><b>forgotPasswordwithMissmatchPWD</b><br>Test class: scripts.CartOperTest</td>
<td></td>
<td>9</td>
<td>scripts.CartOperTest@6b9651f3</td></tr>
<tr>
<td title='scripts.CartOperTest.forgotPasswordwithValidData()'><b>forgotPasswordwithValidData</b><br>Test class: scripts.CartOperTest</td>
<td></td>
<td>4</td>
<td>scripts.CartOperTest@6b9651f3</td></tr>
<tr>
<td title='scripts.CartOperTest.forgotPasswordwithinvalidPWD()'><b>forgotPasswordwithinvalidPWD</b><br>Test class: scripts.CartOperTest</td>
<td></td>
<td>8</td>
<td>scripts.CartOperTest@6b9651f3</td></tr>
<tr>
<td title='scripts.CartOperTest.forgotPasswordwithoutCnfmPWD()'><b>forgotPasswordwithoutCnfmPWD</b><br>Test class: scripts.CartOperTest</td>
<td></td>
<td>8</td>
<td>scripts.CartOperTest@6b9651f3</td></tr>
<tr>
<td title='scripts.CartOperTest.forgotPasswordwithoutNum()'><b>forgotPasswordwithoutNum</b><br>Test class: scripts.CartOperTest</td>
<td></td>
<td>6</td>
<td>scripts.CartOperTest@6b9651f3</td></tr>
<tr>
<td title='scripts.CartOperTest.forgotPasswordwithoutOTP()'><b>forgotPasswordwithoutOTP</b><br>Test class: scripts.CartOperTest</td>
<td></td>
<td>8</td>
<td>scripts.CartOperTest@6b9651f3</td></tr>
<tr>
<td title='scripts.CartOperTest.forgotPasswordwithoutPWD()'><b>forgotPasswordwithoutPWD</b><br>Test class: scripts.CartOperTest</td>
<td></td>
<td>6</td>
<td>scripts.CartOperTest@6b9651f3</td></tr>
<tr>
<td title='scripts.CartOperTest.forgotPasswordwithoutUserName()'><b>forgotPasswordwithoutUserName</b><br>Test class: scripts.CartOperTest</td>
<td></td>
<td>5</td>
<td>scripts.CartOperTest@6b9651f3</td></tr>
<tr>
<td title='scripts.CartOperTest.forwardtoConfirmPage()'><b>forwardtoConfirmPage</b><br>Test class: scripts.CartOperTest</td>
<td></td>
<td>2</td>
<td>scripts.CartOperTest@6b9651f3</td></tr>
<tr>
<td title='scripts.CartOperTest.goHome()'><b>goHome</b><br>Test class: scripts.CartOperTest</td>
<td></td>
<td>5</td>
<td>scripts.CartOperTest@6b9651f3</td></tr>
<tr>
<td title='scripts.CartOperTest.gstinCPd()'><b>gstinCPd</b><br>Test class: scripts.CartOperTest</td>
<td></td>
<td>0</td>
<td>scripts.CartOperTest@6b9651f3</td></tr>
<tr>
<td title='scripts.CartOperTest.loginWithPwd()'><b>loginWithPwd</b><br>Test class: scripts.CartOperTest</td>
<td></td>
<td>5</td>
<td>scripts.CartOperTest@6b9651f3</td></tr>
<tr>
<td title='scripts.CartOperTest.loginWithUsername()'><b>loginWithUsername</b><br>Test class: scripts.CartOperTest</td>
<td></td>
<td>5</td>
<td>scripts.CartOperTest@6b9651f3</td></tr>
<tr>
<td title='scripts.CartOperTest.loginWithoutInput()'><b>loginWithoutInput</b><br>Test class: scripts.CartOperTest</td>
<td></td>
<td>10</td>
<td>scripts.CartOperTest@6b9651f3</td></tr>
<tr>
<td title='scripts.CartOperTest.navigateEazypay()'><b>navigateEazypay</b><br>Test class: scripts.CartOperTest</td>
<td></td>
<td>10</td>
<td>scripts.CartOperTest@6b9651f3</td></tr>
<tr>
<td title='scripts.CartOperTest.navigateHm()'><b>navigateHm</b><br>Test class: scripts.CartOperTest</td>
<td></td>
<td>5</td>
<td>scripts.CartOperTest@6b9651f3</td></tr>
<tr>
<td title='scripts.CartOperTest.navigateToForgotPwd()'><b>navigateToForgotPwd</b><br>Test class: scripts.CartOperTest</td>
<td></td>
<td>5</td>
<td>scripts.CartOperTest@6b9651f3</td></tr>
<tr>
<td title='scripts.CartOperTest.navigateToHome()'><b>navigateToHome</b><br>Test class: scripts.CartOperTest</td>
<td></td>
<td>6</td>
<td>scripts.CartOperTest@6b9651f3</td></tr>
<tr>
<td title='scripts.CartOperTest.navigateToHomePage()'><b>navigateToHomePage</b><br>Test class: scripts.CartOperTest</td>
<td></td>
<td>2</td>
<td>scripts.CartOperTest@6b9651f3</td></tr>
<tr>
<td title='scripts.CartOperTest.navigateToPayment()'><b>navigateToPayment</b><br>Test class: scripts.CartOperTest</td>
<td></td>
<td>11</td>
<td>scripts.CartOperTest@6b9651f3</td></tr>
<tr>
<td title='scripts.CartOperTest.navigateToPaymentPage()'><b>navigateToPaymentPage</b><br>Test class: scripts.CartOperTest<br>Parameters: Tractor, 100, 1</td>
<td></td>
<td>11</td>
<td>scripts.CartOperTest@6b9651f3</td></tr>
<tr>
<td title='scripts.CartOperTest.navigateToPaymentPage()'><b>navigateToPaymentPage</b><br>Test class: scripts.CartOperTest<br>Parameters: Mini Haiwa, 150, 0</td>
<td></td>
<td>11</td>
<td>scripts.CartOperTest@6b9651f3</td></tr>
<tr>
<td title='scripts.CartOperTest.navigateToPaymentPage()'><b>navigateToPaymentPage</b><br>Test class: scripts.CartOperTest<br>Parameters: Truck-6, 300, 0</td>
<td></td>
<td>11</td>
<td>scripts.CartOperTest@6b9651f3</td></tr>
<tr>
<td title='scripts.CartOperTest.navigateToPaymentPage()'><b>navigateToPaymentPage</b><br>Test class: scripts.CartOperTest<br>Parameters: Truck-10, 450, 0</td>
<td></td>
<td>11</td>
<td>scripts.CartOperTest@6b9651f3</td></tr>
<tr>
<td title='scripts.CartOperTest.navigateToPaymentPage()'><b>navigateToPaymentPage</b><br>Test class: scripts.CartOperTest<br>Parameters: Truck-12, 600, 0</td>
<td></td>
<td>11</td>
<td>scripts.CartOperTest@6b9651f3</td></tr>
<tr>
<td title='scripts.CartOperTest.navigateToPaymentPage()'><b>navigateToPaymentPage</b><br>Test class: scripts.CartOperTest<br>Parameters: TruckTrailor-14, 650, 0</td>
<td></td>
<td>11</td>
<td>scripts.CartOperTest@6b9651f3</td></tr>
<tr>
<td title='scripts.CartOperTest.navigateToPaymentPage()'><b>navigateToPaymentPage</b><br>Test class: scripts.CartOperTest<br>Parameters: Truck-14, 700, 0</td>
<td></td>
<td>11</td>
<td>scripts.CartOperTest@6b9651f3</td></tr>
<tr>
<td title='scripts.CartOperTest.navigateToPaymentPage()'><b>navigateToPaymentPage</b><br>Test class: scripts.CartOperTest<br>Parameters: Truck-18, 750, 0</td>
<td></td>
<td>11</td>
<td>scripts.CartOperTest@6b9651f3</td></tr>
<tr>
<td title='scripts.CartOperTest.navigateToPaymentPage()'><b>navigateToPaymentPage</b><br>Test class: scripts.CartOperTest<br>Parameters: Truck-22, 900, 0</td>
<td></td>
<td>11</td>
<td>scripts.CartOperTest@6b9651f3</td></tr>
<tr>
<td title='scripts.CartOperTest.navigateToPayments()'><b>navigateToPayments</b><br>Test class: scripts.CartOperTest</td>
<td></td>
<td>10</td>
<td>scripts.CartOperTest@6b9651f3</td></tr>
<tr>
<td title='scripts.CartOperTest.navigateToReviewBooking()'><b>navigateToReviewBooking</b><br>Test class: scripts.CartOperTest</td>
<td></td>
<td>3</td>
<td>scripts.CartOperTest@6b9651f3</td></tr>
<tr>
<td title='scripts.CartOperTest.navigatetoregister()'><b>navigatetoregister</b><br>Test class: scripts.CartOperTest</td>
<td></td>
<td>2</td>
<td>scripts.CartOperTest@6b9651f3</td></tr>
<tr>
<td title='scripts.CartOperTest.paymentFail()'><b>paymentFail</b><br>Test class: scripts.CartOperTest<br>Test method: once payment is fail</td>
<td></td>
<td>0</td>
<td>scripts.CartOperTest@6b9651f3</td></tr>
<tr>
<td title='scripts.CartOperTest.paymentPrices()'><b>paymentPrices</b><br>Test class: scripts.CartOperTest</td>
<td></td>
<td>0</td>
<td>scripts.CartOperTest@6b9651f3</td></tr>
<tr>
<td title='scripts.CartOperTest.preset()'><b>preset</b><br>Test class: scripts.CartOperTest</td>
<td></td>
<td>19</td>
<td>scripts.CartOperTest@6b9651f3</td></tr>
<tr>
<td title='scripts.CartOperTest.rBInvalidMobilea()'><b>rBInvalidMobilea</b><br>Test class: scripts.CartOperTest</td>
<td></td>
<td>9</td>
<td>scripts.CartOperTest@6b9651f3</td></tr>
<tr>
<td title='scripts.CartOperTest.rBWithoutAltmoba()'><b>rBWithoutAltmoba</b><br>Test class: scripts.CartOperTest</td>
<td></td>
<td>8</td>
<td>scripts.CartOperTest@6b9651f3</td></tr>
<tr>
<td title='scripts.CartOperTest.registerWithValidUser()'><b>registerWithValidUser</b><br>Test class: scripts.CartOperTest</td>
<td></td>
<td>9</td>
<td>scripts.CartOperTest@6b9651f3</td></tr>
<tr>
<td title='scripts.CartOperTest.selectDistAndStockyard()'><b>selectDistAndStockyard</b><br>Test class: scripts.CartOperTest</td>
<td></td>
<td>14</td>
<td>scripts.CartOperTest@6b9651f3</td></tr>
<tr>
<td title='scripts.CartOperTest.stockyardCPq()'><b>stockyardCPq</b><br>Test class: scripts.CartOperTest</td>
<td></td>
<td>0</td>
<td>scripts.CartOperTest@6b9651f3</td></tr>
<tr>
<td title='scripts.CartOperTest.testA()'><b>testA</b><br>Test class: scripts.CartOperTest</td>
<td></td>
<td>0</td>
<td>scripts.CartOperTest@6b9651f3</td></tr>
<tr>
<td title='scripts.CartOperTest.testPrice()'><b>testPrice</b><br>Test class: scripts.CartOperTest</td>
<td></td>
<td>2</td>
<td>scripts.CartOperTest@6b9651f3</td></tr>
<tr>
<td title='scripts.CartOperTest.testQTY()'><b>testQTY</b><br>Test class: scripts.CartOperTest</td>
<td></td>
<td>2</td>
<td>scripts.CartOperTest@6b9651f3</td></tr>
<tr>
<td title='scripts.CartOperTest.testaddcart()'><b>testaddcart</b><br>Test class: scripts.CartOperTest</td>
<td></td>
<td>4</td>
<td>scripts.CartOperTest@6b9651f3</td></tr>
<tr>
<td title='scripts.CartOperTest.totalPayableinCPg()'><b>totalPayableinCPg</b><br>Test class: scripts.CartOperTest</td>
<td></td>
<td>0</td>
<td>scripts.CartOperTest@6b9651f3</td></tr>
<tr>
<td title='scripts.CartOperTest.totalPriceinCPq()'><b>totalPriceinCPq</b><br>Test class: scripts.CartOperTest</td>
<td></td>
<td>0</td>
<td>scripts.CartOperTest@6b9651f3</td></tr>
<tr>
<td title='scripts.CartOperTest.totalQTYCPe()'><b>totalQTYCPe</b><br>Test class: scripts.CartOperTest</td>
<td></td>
<td>0</td>
<td>scripts.CartOperTest@6b9651f3</td></tr>
<tr>
<td title='scripts.CartOperTest.unitPriceCPs()'><b>unitPriceCPs</b><br>Test class: scripts.CartOperTest</td>
<td></td>
<td>0</td>
<td>scripts.CartOperTest@6b9651f3</td></tr>
<tr>
<td title='scripts.CartOperTest.valdtBookingForm()'><b>valdtBookingForm</b><br>Test class: scripts.CartOperTest<br>Parameters: Tractor, 100, 1</td>
<td></td>
<td>1</td>
<td>scripts.CartOperTest@6b9651f3</td></tr>
<tr>
<td title='scripts.CartOperTest.valdtBookingForm()'><b>valdtBookingForm</b><br>Test class: scripts.CartOperTest<br>Parameters: Mini Haiwa, 150, 2</td>
<td></td>
<td>1</td>
<td>scripts.CartOperTest@6b9651f3</td></tr>
<tr>
<td title='scripts.CartOperTest.valdtBookingForm()'><b>valdtBookingForm</b><br>Test class: scripts.CartOperTest<br>Parameters: Truck-6, 300, 3</td>
<td></td>
<td>1</td>
<td>scripts.CartOperTest@6b9651f3</td></tr>
<tr>
<td title='scripts.CartOperTest.valdtBookingForm()'><b>valdtBookingForm</b><br>Test class: scripts.CartOperTest<br>Parameters: Truck-10, 450, 1</td>
<td></td>
<td>1</td>
<td>scripts.CartOperTest@6b9651f3</td></tr>
<tr>
<td title='scripts.CartOperTest.valdtBookingForm()'><b>valdtBookingForm</b><br>Test class: scripts.CartOperTest<br>Parameters: Truck-12, 600, 1</td>
<td></td>
<td>1</td>
<td>scripts.CartOperTest@6b9651f3</td></tr>
<tr>
<td title='scripts.CartOperTest.valdtBookingForm()'><b>valdtBookingForm</b><br>Test class: scripts.CartOperTest<br>Parameters: TruckTrailor-14, 650, 1</td>
<td></td>
<td>1</td>
<td>scripts.CartOperTest@6b9651f3</td></tr>
<tr>
<td title='scripts.CartOperTest.valdtBookingForm()'><b>valdtBookingForm</b><br>Test class: scripts.CartOperTest<br>Parameters: Truck-14, 700, 1</td>
<td></td>
<td>1</td>
<td>scripts.CartOperTest@6b9651f3</td></tr>
<tr>
<td title='scripts.CartOperTest.valdtBookingForm()'><b>valdtBookingForm</b><br>Test class: scripts.CartOperTest<br>Parameters: Truck-18, 750, 1</td>
<td></td>
<td>1</td>
<td>scripts.CartOperTest@6b9651f3</td></tr>
<tr>
<td title='scripts.CartOperTest.valdtBookingForm()'><b>valdtBookingForm</b><br>Test class: scripts.CartOperTest<br>Parameters: Truck-22, 900, 0</td>
<td></td>
<td>1</td>
<td>scripts.CartOperTest@6b9651f3</td></tr>
<tr>
<td title='scripts.CartOperTest.validCredential()'><b>validCredential</b><br>Test class: scripts.CartOperTest</td>
<td></td>
<td>5</td>
<td>scripts.CartOperTest@6b9651f3</td></tr>
<tr>
<td title='scripts.CartOperTest.validatCan()'><b>validatCan</b><br>Test class: scripts.CartOperTest</td>
<td></td>
<td>15</td>
<td>scripts.CartOperTest@6b9651f3</td></tr>
<tr>
<td title='scripts.CartOperTest.validateAddress()'><b>validateAddress</b><br>Test class: scripts.CartOperTest</td>
<td></td>
<td>8</td>
<td>scripts.CartOperTest@6b9651f3</td></tr>
<tr>
<td title='scripts.CartOperTest.validateAvailableStock_and_uniPrice()'><b>validateAvailableStock_and_uniPrice</b><br>Test class: scripts.CartOperTest</td>
<td></td>
<td>13</td>
<td>scripts.CartOperTest@6b9651f3</td></tr>
<tr>
<td title='scripts.CartOperTest.validateDistrict()'><b>validateDistrict</b><br>Test class: scripts.CartOperTest</td>
<td></td>
<td>0</td>
<td>scripts.CartOperTest@6b9651f3</td></tr>
<tr>
<td title='scripts.CartOperTest.validateGstinCP()'><b>validateGstinCP</b><br>Test class: scripts.CartOperTest</td>
<td></td>
<td>0</td>
<td>scripts.CartOperTest@6b9651f3</td></tr>
<tr>
<td title='scripts.CartOperTest.validateInvalidMobile()'><b>validateInvalidMobile</b><br>Test class: scripts.CartOperTest</td>
<td></td>
<td>7</td>
<td>scripts.CartOperTest@6b9651f3</td></tr>
<tr>
<td title='scripts.CartOperTest.validateLocationTypoHead()'><b>validateLocationTypoHead</b><br>Test class: scripts.CartOperTest</td>
<td></td>
<td>2</td>
<td>scripts.CartOperTest@6b9651f3</td></tr>
<tr>
<td title='scripts.CartOperTest.validateMobile()'><b>validateMobile</b><br>Test class: scripts.CartOperTest</td>
<td></td>
<td>9</td>
<td>scripts.CartOperTest@6b9651f3</td></tr>
<tr>
<td title='scripts.CartOperTest.validateNameofBuyer()'><b>validateNameofBuyer</b><br>Test class: scripts.CartOperTest</td>
<td></td>
<td>5</td>
<td>scripts.CartOperTest@6b9651f3</td></tr>
<tr>
<td title='scripts.CartOperTest.validateOtpMismatch()'><b>validateOtpMismatch</b><br>Test class: scripts.CartOperTest</td>
<td></td>
<td>10</td>
<td>scripts.CartOperTest@6b9651f3</td></tr>
<tr>
<td title='scripts.CartOperTest.validatePaymentPrice()'><b>validatePaymentPrice</b><br>Test class: scripts.CartOperTest</td>
<td></td>
<td>0</td>
<td>scripts.CartOperTest@6b9651f3</td></tr>
<tr>
<td title='scripts.CartOperTest.validateRBInvalidAltnatMobile()'><b>validateRBInvalidAltnatMobile</b><br>Test class: scripts.CartOperTest</td>
<td></td>
<td>9</td>
<td>scripts.CartOperTest@6b9651f3</td></tr>
<tr>
<td title='scripts.CartOperTest.validateRBWithValidData()'><b>validateRBWithValidData</b><br>Test class: scripts.CartOperTest</td>
<td></td>
<td>7</td>
<td>scripts.CartOperTest@6b9651f3</td></tr>
<tr>
<td title='scripts.CartOperTest.validateRBWithoutAltnatMobile()'><b>validateRBWithoutAltnatMobile</b><br>Test class: scripts.CartOperTest</td>
<td></td>
<td>8</td>
<td>scripts.CartOperTest@6b9651f3</td></tr>
<tr>
<td title='scripts.CartOperTest.validateRBWithoutLocation()'><b>validateRBWithoutLocation</b><br>Test class: scripts.CartOperTest</td>
<td></td>
<td>5</td>
<td>scripts.CartOperTest@6b9651f3</td></tr>
<tr>
<td title='scripts.CartOperTest.validateStockYardinCP()'><b>validateStockYardinCP</b><br>Test class: scripts.CartOperTest</td>
<td></td>
<td>0</td>
<td>scripts.CartOperTest@6b9651f3</td></tr>
<tr>
<td title='scripts.CartOperTest.validateStockyard()'><b>validateStockyard</b><br>Test class: scripts.CartOperTest</td>
<td></td>
<td>20</td>
<td>scripts.CartOperTest@6b9651f3</td></tr>
<tr>
<td title='scripts.CartOperTest.validateTotalPayableinCP()'><b>validateTotalPayableinCP</b><br>Test class: scripts.CartOperTest</td>
<td></td>
<td>0</td>
<td>scripts.CartOperTest@6b9651f3</td></tr>
<tr>
<td title='scripts.CartOperTest.validateTotalPriceinCP()'><b>validateTotalPriceinCP</b><br>Test class: scripts.CartOperTest</td>
<td></td>
<td>0</td>
<td>scripts.CartOperTest@6b9651f3</td></tr>
<tr>
<td title='scripts.CartOperTest.validateTotalQtyinCP()'><b>validateTotalQtyinCP</b><br>Test class: scripts.CartOperTest</td>
<td></td>
<td>0</td>
<td>scripts.CartOperTest@6b9651f3</td></tr>
<tr>
<td title='scripts.CartOperTest.validateUnitPriceinCP()'><b>validateUnitPriceinCP</b><br>Test class: scripts.CartOperTest</td>
<td></td>
<td>0</td>
<td>scripts.CartOperTest@6b9651f3</td></tr>
<tr>
<td title='scripts.CartOperTest.validateWithInvalidPinCode()'><b>validateWithInvalidPinCode</b><br>Test class: scripts.CartOperTest</td>
<td></td>
<td>6</td>
<td>scripts.CartOperTest@6b9651f3</td></tr>
<tr>
<td title='scripts.CartOperTest.validateWithMismatchcnfmpwd()'><b>validateWithMismatchcnfmpwd</b><br>Test class: scripts.CartOperTest</td>
<td></td>
<td>8</td>
<td>scripts.CartOperTest@6b9651f3</td></tr>
<tr>
<td title='scripts.CartOperTest.validateWithOutPinCode()'><b>validateWithOutPinCode</b><br>Test class: scripts.CartOperTest</td>
<td></td>
<td>6</td>
<td>scripts.CartOperTest@6b9651f3</td></tr>
<tr>
<td title='scripts.CartOperTest.validateWithinvalidpwd()'><b>validateWithinvalidpwd</b><br>Test class: scripts.CartOperTest</td>
<td></td>
<td>6</td>
<td>scripts.CartOperTest@6b9651f3</td></tr>
<tr>
<td title='scripts.CartOperTest.validateWithoutDistrict()'><b>validateWithoutDistrict</b><br>Test class: scripts.CartOperTest</td>
<td></td>
<td>5</td>
<td>scripts.CartOperTest@6b9651f3</td></tr>
<tr>
<td title='scripts.CartOperTest.validateWithoutQTY()'><b>validateWithoutQTY</b><br>Test class: scripts.CartOperTest</td>
<td></td>
<td>15</td>
<td>scripts.CartOperTest@6b9651f3</td></tr>
<tr>
<td title='scripts.CartOperTest.validateWithoutStoskYard()'><b>validateWithoutStoskYard</b><br>Test class: scripts.CartOperTest</td>
<td></td>
<td>7</td>
<td>scripts.CartOperTest@6b9651f3</td></tr>
<tr>
<td title='scripts.CartOperTest.validateWithoutUserName()'><b>validateWithoutUserName</b><br>Test class: scripts.CartOperTest</td>
<td></td>
<td>6</td>
<td>scripts.CartOperTest@6b9651f3</td></tr>
<tr>
<td title='scripts.CartOperTest.validateWithoutcnfmpwd()'><b>validateWithoutcnfmpwd</b><br>Test class: scripts.CartOperTest</td>
<td></td>
<td>6</td>
<td>scripts.CartOperTest@6b9651f3</td></tr>
<tr>
<td title='scripts.CartOperTest.validateWithoutpwd()'><b>validateWithoutpwd</b><br>Test class: scripts.CartOperTest</td>
<td></td>
<td>6</td>
<td>scripts.CartOperTest@6b9651f3</td></tr>
<tr>
<td title='scripts.CartOperTest.validatevillage()'><b>validatevillage</b><br>Test class: scripts.CartOperTest</td>
<td></td>
<td>6</td>
<td>scripts.CartOperTest@6b9651f3</td></tr>
<tr>
<td title='scripts.CartOperTest.validatewithInvalidOTP()'><b>validatewithInvalidOTP</b><br>Test class: scripts.CartOperTest</td>
<td></td>
<td>6</td>
<td>scripts.CartOperTest@6b9651f3</td></tr>
<tr>
<td title='scripts.CartOperTest.validatewithValidRBq()'><b>validatewithValidRBq</b><br>Test class: scripts.CartOperTest</td>
<td></td>
<td>6</td>
<td>scripts.CartOperTest@6b9651f3</td></tr>
<tr>
<td title='scripts.CartOperTest.validatewithoutOTP()'><b>validatewithoutOTP</b><br>Test class: scripts.CartOperTest</td>
<td></td>
<td>6</td>
<td>scripts.CartOperTest@6b9651f3</td></tr>
<tr>
<td title='scripts.CartOperTest.verifyAddress()'><b>verifyAddress</b><br>Test class: scripts.CartOperTest</td>
<td></td>
<td>0</td>
<td>scripts.CartOperTest@6b9651f3</td></tr>
<tr>
<td title='scripts.CartOperTest.verifyMobile()'><b>verifyMobile</b><br>Test class: scripts.CartOperTest</td>
<td></td>
<td>0</td>
<td>scripts.CartOperTest@6b9651f3</td></tr>
<tr>
<td title='scripts.CartOperTest.verifyNameWithDB()'><b>verifyNameWithDB</b><br>Test class: scripts.CartOperTest</td>
<td></td>
<td>0</td>
<td>scripts.CartOperTest@6b9651f3</td></tr>
<tr>
<td title='scripts.CartOperTest.verifyTotalQTY()'><b>verifyTotalQTY</b><br>Test class: scripts.CartOperTest</td>
<td></td>
<td>0</td>
<td>scripts.CartOperTest@6b9651f3</td></tr>
<tr>
<td title='scripts.CartOperTest.verifyUser()'><b>verifyUser</b><br>Test class: scripts.CartOperTest</td>
<td></td>
<td>0</td>
<td>scripts.CartOperTest@6b9651f3</td></tr>
<tr>
<td title='scripts.CartOperTest.verifyemail()'><b>verifyemail</b><br>Test class: scripts.CartOperTest</td>
<td></td>
<td>0</td>
<td>scripts.CartOperTest@6b9651f3</td></tr>
<tr>
<td title='scripts.CartOperTest.verifypan()'><b>verifypan</b><br>Test class: scripts.CartOperTest</td>
<td></td>
<td>0</td>
<td>scripts.CartOperTest@6b9651f3</td></tr>
<tr>
<td title='scripts.CartOperTest.verifypincode()'><b>verifypincode</b><br>Test class: scripts.CartOperTest</td>
<td></td>
<td>0</td>
<td>scripts.CartOperTest@6b9651f3</td></tr>
<tr>
<td title='scripts.CartOperTest.verifyvillage()'><b>verifyvillage</b><br>Test class: scripts.CartOperTest</td>
<td></td>
<td>0</td>
<td>scripts.CartOperTest@6b9651f3</td></tr>
<tr>
<td title='scripts.CartOperTest.vlidtBookFrm()'><b>vlidtBookFrm</b><br>Test class: scripts.CartOperTest<br>Parameters: Tractor, 100, 1</td>
<td></td>
<td>4</td>
<td>scripts.CartOperTest@6b9651f3</td></tr>
<tr>
<td title='scripts.CartOperTest.vlidtBookFrm()'><b>vlidtBookFrm</b><br>Test class: scripts.CartOperTest<br>Parameters: Mini Haiwa, 150, 0</td>
<td></td>
<td>4</td>
<td>scripts.CartOperTest@6b9651f3</td></tr>
<tr>
<td title='scripts.CartOperTest.vlidtBookFrm()'><b>vlidtBookFrm</b><br>Test class: scripts.CartOperTest<br>Parameters: Truck-6, 300, 0</td>
<td></td>
<td>4</td>
<td>scripts.CartOperTest@6b9651f3</td></tr>
<tr>
<td title='scripts.CartOperTest.vlidtBookFrm()'><b>vlidtBookFrm</b><br>Test class: scripts.CartOperTest<br>Parameters: Truck-10, 450, 0</td>
<td></td>
<td>4</td>
<td>scripts.CartOperTest@6b9651f3</td></tr>
<tr>
<td title='scripts.CartOperTest.vlidtBookFrm()'><b>vlidtBookFrm</b><br>Test class: scripts.CartOperTest<br>Parameters: Truck-12, 600, 0</td>
<td></td>
<td>4</td>
<td>scripts.CartOperTest@6b9651f3</td></tr>
<tr>
<td title='scripts.CartOperTest.vlidtBookFrm()'><b>vlidtBookFrm</b><br>Test class: scripts.CartOperTest<br>Parameters: TruckTrailor-14, 650, 0</td>
<td></td>
<td>4</td>
<td>scripts.CartOperTest@6b9651f3</td></tr>
<tr>
<td title='scripts.CartOperTest.vlidtBookFrm()'><b>vlidtBookFrm</b><br>Test class: scripts.CartOperTest<br>Parameters: Truck-14, 700, 0</td>
<td></td>
<td>4</td>
<td>scripts.CartOperTest@6b9651f3</td></tr>
<tr>
<td title='scripts.CartOperTest.vlidtBookFrm()'><b>vlidtBookFrm</b><br>Test class: scripts.CartOperTest<br>Parameters: Truck-18, 750, 0</td>
<td></td>
<td>4</td>
<td>scripts.CartOperTest@6b9651f3</td></tr>
<tr>
<td title='scripts.CartOperTest.vlidtBookFrm()'><b>vlidtBookFrm</b><br>Test class: scripts.CartOperTest<br>Parameters: Truck-22, 900, 0</td>
<td></td>
<td>1</td>
<td>scripts.CartOperTest@6b9651f3</td></tr>
<tr>
<td title='scripts.CartOperTest.wNavigateToRegister()'><b>wNavigateToRegister</b><br>Test class: scripts.CartOperTest</td>
<td></td>
<td>2</td>
<td>scripts.CartOperTest@6b9651f3</td></tr>
<tr>
<td title='scripts.CartOperTest.zBookingForm()'><b>zBookingForm</b><br>Test class: scripts.CartOperTest</td>
<td></td>
<td>20</td>
<td>scripts.CartOperTest@6b9651f3</td></tr>
<tr>
<td title='scripts.CartOperTest.zNavigateToLogin()'><b>zNavigateToLogin</b><br>Test class: scripts.CartOperTest</td>
<td></td>
<td>2</td>
<td>scripts.CartOperTest@6b9651f3</td></tr>
<tr>
<td title='scripts.CartOperTest.zReset()'><b>zReset</b><br>Test class: scripts.CartOperTest</td>
<td></td>
<td>0</td>
<td>scripts.CartOperTest@6b9651f3</td></tr>
<tr>
<td title='scripts.CartOperTest.zfillValidData()'><b>zfillValidData</b><br>Test class: scripts.CartOperTest</td>
<td></td>
<td>15</td>
<td>scripts.CartOperTest@6b9651f3</td></tr>
<tr>
<td title='scripts.CartOperTest.znavigateToPayPage()'><b>znavigateToPayPage</b><br>Test class: scripts.CartOperTest</td>
<td></td>
<td>20</td>
<td>scripts.CartOperTest@6b9651f3</td></tr>
<tr>
<td title='scripts.CartOperTest.zzRes()'><b>zzRes</b><br>Test class: scripts.CartOperTest</td>
<td></td>
<td>1</td>
<td>scripts.CartOperTest@6b9651f3</td></tr>
</table><p>
</body>
</html>