<?xml version="1.0" encoding="UTF-8"?>
<!-- Generated by org.testng.reporters.JUnitXMLReporter -->
<testsuite hostname="T4ublrlpusr093" ignored="12" name="Test" tests="195" failures="11" timestamp="08 Jan 2019 05:52:38 GMT" time="1025.716" errors="0">
  <testcase name="navigatetoregister" time="2.48" classname="scripts.RegisterAsIndividual"/>
  <testcase name="validateNameofBuyer" time="5.405" classname="scripts.RegisterAsIndividual"/>
  <testcase name="validateAddress" time="8.917" classname="scripts.RegisterAsIndividual"/>
  <testcase name="validateMobile" time="8.949" classname="scripts.RegisterAsIndividual"/>
  <testcase name="validateInvalidMobile" time="6.982" classname="scripts.RegisterAsIndividual"/>
  <testcase name="validatewithoutOTP" time="6.899" classname="scripts.RegisterAsIndividual"/>
  <testcase name="validatewithInvalidOTP" time="6.968" classname="scripts.RegisterAsIndividual"/>
  <testcase name="validatevillage" time="6.997" classname="scripts.RegisterAsIndividual"/>
  <testcase name="validateWithOutPinCode" time="6.966" classname="scripts.RegisterAsIndividual"/>
  <testcase name="validateWithInvalidPinCode" time="7.05" classname="scripts.RegisterAsIndividual"/>
  <testcase name="validateWithoutUserName" time="6.884" classname="scripts.RegisterAsIndividual"/>
  <testcase name="validateWithoutpwd" time="6.824" classname="scripts.RegisterAsIndividual"/>
  <testcase name="validateWithinvalidpwd" time="6.842" classname="scripts.RegisterAsIndividual"/>
  <testcase name="validateWithoutcnfmpwd" time="6.924" classname="scripts.RegisterAsIndividual"/>
  <testcase name="validateWithMismatchcnfmpwd" time="8.205" classname="scripts.RegisterAsIndividual"/>
  <testcase name="validateOtpMismatch" time="10.227" classname="scripts.RegisterAsIndividual"/>
  <testcase name="registerWithValidUser" time="22.427" classname="scripts.RegisterAsIndividual"/>
  <testcase name="aDBSet" time="6.646" classname="scripts.RegisterAsIndividual"/>
  <testcase name="verifyAddress" time="0.002" classname="scripts.RegisterAsIndividual"/>
  <testcase name="verifyMobile" time="0.003" classname="scripts.RegisterAsIndividual">
    <failure type="java.lang.AssertionError" message="expected [true] but found [false]">
      <![CDATA[java.lang.AssertionError: expected [true] but found [false]
at generic.MainActivity.assertActExpect(MainActivity.java:179)
at scripts.RegisterAsIndividual.verifyMobile(RegisterAsIndividual.java:378)
... Removed 29 stack frames]]>
    </failure>
  </testcase> <!-- verifyMobile -->
  <testcase name="verifyNameWithDB" time="0.003" classname="scripts.RegisterAsIndividual"/>
  <testcase name="verifyUser" time="0.002" classname="scripts.RegisterAsIndividual"/>
  <testcase name="verifyemail" time="0.002" classname="scripts.RegisterAsIndividual"/>
  <testcase name="verifypan" time="0.003" classname="scripts.RegisterAsIndividual"/>
  <testcase name="verifypincode" time="0.002" classname="scripts.RegisterAsIndividual"/>
  <testcase name="verifyvillage" time="0.001" classname="scripts.RegisterAsIndividual"/>
  <testcase name="wNavigateToRegister" time="2.386" classname="scripts.RegisterAsIndividual"/>
  <testcase name="xvalidateMobileAlready" time="6.923" classname="scripts.RegisterAsIndividual">
    <failure type="java.lang.AssertionError" message="expected [true] but found [false]">
      <![CDATA[java.lang.AssertionError: expected [true] but found [false]
at generic.MainActivity.asserAlert(MainActivity.java:94)
at scripts.RegisterAsIndividual.xvalidateMobileAlready(RegisterAsIndividual.java:392)
... Removed 29 stack frames]]>
    </failure>
  </testcase> <!-- xvalidateMobileAlready -->
  <testcase name="zNavigateToLogin" time="2.322" classname="scripts.RegisterAsIndividual"/>
  <testcase name="verifygst" time="0.0" classname="scripts.RegisterAsIndividual">
    <failure type="java.lang.NullPointerException">
      <![CDATA[java.lang.NullPointerException
at pages.RegisterPage.getGSTNO(RegisterPage.java:115)
at scripts.RegisterAsIndividual.verifygst(RegisterAsIndividual.java:360)
... Removed 25 stack frames]]>
    </failure>
  </testcase> <!-- verifygst -->
  <testcase name="yvalidateUsernameAlready" time="5.291" classname="scripts.RegisterAsIndividual">
    <failure type="org.openqa.selenium.NoSuchElementException" message="no such element: Unable to locate element: {&amp;quot;method&amp;quot;:&amp;quot;id&amp;quot;,&amp;quot;selector&amp;quot;:&amp;quot;buyer&amp;quot;}
  (Session info: chrome=71.0.3578.98)
  (Driver info: chromedriver=2.42.591088 (7b2b2dca23cca0862f674758c9a3933e685c27d5),platform=Windows NT 10.0.16299 x86_64) (WARNING: The server did not provide any stacktrace information)
Command duration or timeout: 0 milliseconds
For documentation on this error, please visit: http://seleniumhq.org/exceptions/no_such_element.html
Build info: version: &amp;apos;3.14.0&amp;apos;, revision: &amp;apos;aacccce0&amp;apos;, time: &amp;apos;2018-08-02T20:13:22.693Z&amp;apos;
System info: host: &amp;apos;T4UBLRLPUSR093&amp;apos;, ip: &amp;apos;172.16.2.150&amp;apos;, os.name: &amp;apos;Windows 10&amp;apos;, os.arch: &amp;apos;amd64&amp;apos;, os.version: &amp;apos;10.0&amp;apos;, java.version: &amp;apos;1.8.0_181&amp;apos;
Driver info: org.openqa.selenium.chrome.ChromeDriver
Capabilities {acceptInsecureCerts: false, acceptSslCerts: false, applicationCacheEnabled: false, browserConnectionEnabled: false, browserName: chrome, chrome: {chromedriverVersion: 2.42.591088 (7b2b2dca23cca0..., userDataDir: C:\Users\CGN04\AppData\Loca...}, cssSelectorsEnabled: true, databaseEnabled: false, goog:chromeOptions: {debuggerAddress: localhost:50330}, handlesAlerts: true, hasTouchScreen: false, javascriptEnabled: true, locationContextEnabled: true, mobileEmulationEnabled: false, nativeEvents: true, networkConnectionEnabled: false, pageLoadStrategy: normal, platform: XP, platformName: XP, rotatable: false, setWindowRect: true, takesHeapSnapshot: true, takesScreenshot: true, unexpectedAlertBehaviour: , unhandledPromptBehavior: , version: 71.0.3578.98, webStorageEnabled: true}
Session ID: cc0466ccc09231b2a68270147c933448
*** Element info: {Using=id, value=buyer}">
      <![CDATA[org.openqa.selenium.NoSuchElementException: no such element: Unable to locate element: {"method":"id","selector":"buyer"}
  (Session info: chrome=71.0.3578.98)
  (Driver info: chromedriver=2.42.591088 (7b2b2dca23cca0862f674758c9a3933e685c27d5),platform=Windows NT 10.0.16299 x86_64) (WARNING: The server did not provide any stacktrace information)
Command duration or timeout: 0 milliseconds
For documentation on this error, please visit: http://seleniumhq.org/exceptions/no_such_element.html
Build info: version: '3.14.0', revision: 'aacccce0', time: '2018-08-02T20:13:22.693Z'
System info: host: 'T4UBLRLPUSR093', ip: '172.16.2.150', os.name: 'Windows 10', os.arch: 'amd64', os.version: '10.0', java.version: '1.8.0_181'
Driver info: org.openqa.selenium.chrome.ChromeDriver
Capabilities {acceptInsecureCerts: false, acceptSslCerts: false, applicationCacheEnabled: false, browserConnectionEnabled: false, browserName: chrome, chrome: {chromedriverVersion: 2.42.591088 (7b2b2dca23cca0..., userDataDir: C:\Users\CGN04\AppData\Loca...}, cssSelectorsEnabled: true, databaseEnabled: false, goog:chromeOptions: {debuggerAddress: localhost:50330}, handlesAlerts: true, hasTouchScreen: false, javascriptEnabled: true, locationContextEnabled: true, mobileEmulationEnabled: false, nativeEvents: true, networkConnectionEnabled: false, pageLoadStrategy: normal, platform: XP, platformName: XP, rotatable: false, setWindowRect: true, takesHeapSnapshot: true, takesScreenshot: true, unexpectedAlertBehaviour: , unhandledPromptBehavior: , version: 71.0.3578.98, webStorageEnabled: true}
Session ID: cc0466ccc09231b2a68270147c933448
*** Element info: {Using=id, value=buyer}
at org.openqa.selenium.remote.ErrorHandler.createThrowable(ErrorHandler.java:214)
at org.openqa.selenium.remote.ErrorHandler.throwIfResponseFailed(ErrorHandler.java:166)
at org.openqa.selenium.remote.http.JsonHttpResponseCodec.reconstructValue(JsonHttpResponseCodec.java:40)
at org.openqa.selenium.remote.http.AbstractHttpResponseCodec.decode(AbstractHttpResponseCodec.java:80)
at org.openqa.selenium.remote.http.AbstractHttpResponseCodec.decode(AbstractHttpResponseCodec.java:44)
at org.openqa.selenium.remote.HttpCommandExecutor.execute(HttpCommandExecutor.java:158)
at org.openqa.selenium.remote.service.DriverCommandExecutor.execute(DriverCommandExecutor.java:83)
at org.openqa.selenium.remote.RemoteWebDriver.execute(RemoteWebDriver.java:548)
at org.openqa.selenium.remote.RemoteWebDriver.findElement(RemoteWebDriver.java:322)
at org.openqa.selenium.remote.RemoteWebDriver.findElementById(RemoteWebDriver.java:368)
at org.openqa.selenium.By$ById.findElement(By.java:188)
at org.openqa.selenium.remote.RemoteWebDriver.findElement(RemoteWebDriver.java:314)
at org.openqa.selenium.support.pagefactory.DefaultElementLocator.findElement(DefaultElementLocator.java:69)
at org.openqa.selenium.support.pagefactory.internal.LocatingElementHandler.invoke(LocatingElementHandler.java:38)
at com.sun.proxy.$Proxy13.clear(Unknown Source)
at generic.MainActivity.sendKey(MainActivity.java:57)
at scripts.RegisterAsIndividual.yvalidateUsernameAlready(RegisterAsIndividual.java:399)
... Removed 29 stack frames]]>
    </failure>
  </testcase> <!-- yvalidateUsernameAlready -->
  <testcase name="navigateToForgotPwd" time="5.262" classname="scripts.ForgotPassword"/>
  <testcase name="forgotPasswordwithoutUserName" time="5.55" classname="scripts.ForgotPassword"/>
  <testcase name="forgotPasswordwithoutNum" time="6.875" classname="scripts.ForgotPassword"/>
  <testcase name="forgotPasswordwithInvalidMobile" time="8.342" classname="scripts.ForgotPassword"/>
  <testcase name="forgotPasswordwithInvaliddata" time="11.145" classname="scripts.ForgotPassword">
    <failure type="org.openqa.selenium.NoSuchElementException" message="no such element: Unable to locate element: {&amp;quot;method&amp;quot;:&amp;quot;xpath&amp;quot;,&amp;quot;selector&amp;quot;:&amp;quot;//*[@class=&amp;apos;swal-text&amp;apos;]&amp;quot;}
  (Session info: chrome=71.0.3578.98)
  (Driver info: chromedriver=2.42.591088 (7b2b2dca23cca0862f674758c9a3933e685c27d5),platform=Windows NT 10.0.16299 x86_64) (WARNING: The server did not provide any stacktrace information)
Command duration or timeout: 0 milliseconds
For documentation on this error, please visit: http://seleniumhq.org/exceptions/no_such_element.html
Build info: version: &amp;apos;3.14.0&amp;apos;, revision: &amp;apos;aacccce0&amp;apos;, time: &amp;apos;2018-08-02T20:13:22.693Z&amp;apos;
System info: host: &amp;apos;T4UBLRLPUSR093&amp;apos;, ip: &amp;apos;172.16.2.150&amp;apos;, os.name: &amp;apos;Windows 10&amp;apos;, os.arch: &amp;apos;amd64&amp;apos;, os.version: &amp;apos;10.0&amp;apos;, java.version: &amp;apos;1.8.0_181&amp;apos;
Driver info: org.openqa.selenium.chrome.ChromeDriver
Capabilities {acceptInsecureCerts: false, acceptSslCerts: false, applicationCacheEnabled: false, browserConnectionEnabled: false, browserName: chrome, chrome: {chromedriverVersion: 2.42.591088 (7b2b2dca23cca0..., userDataDir: C:\Users\CGN04\AppData\Loca...}, cssSelectorsEnabled: true, databaseEnabled: false, goog:chromeOptions: {debuggerAddress: localhost:50330}, handlesAlerts: true, hasTouchScreen: false, javascriptEnabled: true, locationContextEnabled: true, mobileEmulationEnabled: false, nativeEvents: true, networkConnectionEnabled: false, pageLoadStrategy: normal, platform: XP, platformName: XP, rotatable: false, setWindowRect: true, takesHeapSnapshot: true, takesScreenshot: true, unexpectedAlertBehaviour: , unhandledPromptBehavior: , version: 71.0.3578.98, webStorageEnabled: true}
Session ID: cc0466ccc09231b2a68270147c933448
*** Element info: {Using=xpath, value=//*[@class=&amp;apos;swal-text&amp;apos;]}">
      <![CDATA[org.openqa.selenium.NoSuchElementException: no such element: Unable to locate element: {"method":"xpath","selector":"//*[@class='swal-text']"}
  (Session info: chrome=71.0.3578.98)
  (Driver info: chromedriver=2.42.591088 (7b2b2dca23cca0862f674758c9a3933e685c27d5),platform=Windows NT 10.0.16299 x86_64) (WARNING: The server did not provide any stacktrace information)
Command duration or timeout: 0 milliseconds
For documentation on this error, please visit: http://seleniumhq.org/exceptions/no_such_element.html
Build info: version: '3.14.0', revision: 'aacccce0', time: '2018-08-02T20:13:22.693Z'
System info: host: 'T4UBLRLPUSR093', ip: '172.16.2.150', os.name: 'Windows 10', os.arch: 'amd64', os.version: '10.0', java.version: '1.8.0_181'
Driver info: org.openqa.selenium.chrome.ChromeDriver
Capabilities {acceptInsecureCerts: false, acceptSslCerts: false, applicationCacheEnabled: false, browserConnectionEnabled: false, browserName: chrome, chrome: {chromedriverVersion: 2.42.591088 (7b2b2dca23cca0..., userDataDir: C:\Users\CGN04\AppData\Loca...}, cssSelectorsEnabled: true, databaseEnabled: false, goog:chromeOptions: {debuggerAddress: localhost:50330}, handlesAlerts: true, hasTouchScreen: false, javascriptEnabled: true, locationContextEnabled: true, mobileEmulationEnabled: false, nativeEvents: true, networkConnectionEnabled: false, pageLoadStrategy: normal, platform: XP, platformName: XP, rotatable: false, setWindowRect: true, takesHeapSnapshot: true, takesScreenshot: true, unexpectedAlertBehaviour: , unhandledPromptBehavior: , version: 71.0.3578.98, webStorageEnabled: true}
Session ID: cc0466ccc09231b2a68270147c933448
*** Element info: {Using=xpath, value=//*[@class='swal-text']}
at org.openqa.selenium.remote.ErrorHandler.createThrowable(ErrorHandler.java:214)
at org.openqa.selenium.remote.ErrorHandler.throwIfResponseFailed(ErrorHandler.java:166)
at org.openqa.selenium.remote.http.JsonHttpResponseCodec.reconstructValue(JsonHttpResponseCodec.java:40)
at org.openqa.selenium.remote.http.AbstractHttpResponseCodec.decode(AbstractHttpResponseCodec.java:80)
at org.openqa.selenium.remote.http.AbstractHttpResponseCodec.decode(AbstractHttpResponseCodec.java:44)
at org.openqa.selenium.remote.HttpCommandExecutor.execute(HttpCommandExecutor.java:158)
at org.openqa.selenium.remote.service.DriverCommandExecutor.execute(DriverCommandExecutor.java:83)
at org.openqa.selenium.remote.RemoteWebDriver.execute(RemoteWebDriver.java:548)
at org.openqa.selenium.remote.RemoteWebDriver.findElement(RemoteWebDriver.java:322)
at org.openqa.selenium.remote.RemoteWebDriver.findElementByXPath(RemoteWebDriver.java:424)
at org.openqa.selenium.By$ByXPath.findElement(By.java:353)
at org.openqa.selenium.remote.RemoteWebDriver.findElement(RemoteWebDriver.java:314)
at org.openqa.selenium.support.pagefactory.DefaultElementLocator.findElement(DefaultElementLocator.java:69)
at org.openqa.selenium.support.pagefactory.internal.LocatingElementHandler.invoke(LocatingElementHandler.java:38)
at com.sun.proxy.$Proxy13.getText(Unknown Source)
at generic.MainActivity.getAlertText(MainActivity.java:261)
at generic.MainActivity.asserAlert(MainActivity.java:90)
at scripts.ForgotPassword.forgotPasswordwithInvaliddata(ForgotPassword.java:73)
... Removed 29 stack frames]]>
    </failure>
  </testcase> <!-- forgotPasswordwithInvaliddata -->
  <testcase name="forgotPasswordwithValidData" time="4.895" classname="scripts.ForgotPassword"/>
  <testcase name="forgotPasswordwithoutOTP" time="8.614" classname="scripts.ForgotPassword"/>
  <testcase name="forgotPasswordwithInvalidOTP" time="7.01" classname="scripts.ForgotPassword">
    <failure type="java.lang.AssertionError" message="expected [true] but found [false]">
      <![CDATA[java.lang.AssertionError: expected [true] but found [false]
at generic.MainActivity.asserAlert(MainActivity.java:94)
at scripts.ForgotPassword.forgotPasswordwithInvalidOTP(ForgotPassword.java:99)
... Removed 29 stack frames]]>
    </failure>
  </testcase> <!-- forgotPasswordwithInvalidOTP -->
  <testcase name="forgotPasswordwithoutPWD" time="6.957" classname="scripts.ForgotPassword"/>
  <testcase name="forgotPasswordwithinvalidPWD" time="8.179" classname="scripts.ForgotPassword"/>
  <testcase name="forgotPasswordwithoutCnfmPWD" time="8.258" classname="scripts.ForgotPassword"/>
  <testcase name="forgotPasswordwithMissmatchPWD" time="9.69" classname="scripts.ForgotPassword"/>
  <testcase name="forgotPasswordwithWrongOTP" time="12.508" classname="scripts.ForgotPassword">
    <failure type="org.openqa.selenium.NoSuchElementException" message="no such element: Unable to locate element: {&amp;quot;method&amp;quot;:&amp;quot;xpath&amp;quot;,&amp;quot;selector&amp;quot;:&amp;quot;//*[@class=&amp;apos;swal-text&amp;apos;]&amp;quot;}
  (Session info: chrome=71.0.3578.98)
  (Driver info: chromedriver=2.42.591088 (7b2b2dca23cca0862f674758c9a3933e685c27d5),platform=Windows NT 10.0.16299 x86_64) (WARNING: The server did not provide any stacktrace information)
Command duration or timeout: 0 milliseconds
For documentation on this error, please visit: http://seleniumhq.org/exceptions/no_such_element.html
Build info: version: &amp;apos;3.14.0&amp;apos;, revision: &amp;apos;aacccce0&amp;apos;, time: &amp;apos;2018-08-02T20:13:22.693Z&amp;apos;
System info: host: &amp;apos;T4UBLRLPUSR093&amp;apos;, ip: &amp;apos;172.16.2.150&amp;apos;, os.name: &amp;apos;Windows 10&amp;apos;, os.arch: &amp;apos;amd64&amp;apos;, os.version: &amp;apos;10.0&amp;apos;, java.version: &amp;apos;1.8.0_181&amp;apos;
Driver info: org.openqa.selenium.chrome.ChromeDriver
Capabilities {acceptInsecureCerts: false, acceptSslCerts: false, applicationCacheEnabled: false, browserConnectionEnabled: false, browserName: chrome, chrome: {chromedriverVersion: 2.42.591088 (7b2b2dca23cca0..., userDataDir: C:\Users\CGN04\AppData\Loca...}, cssSelectorsEnabled: true, databaseEnabled: false, goog:chromeOptions: {debuggerAddress: localhost:50330}, handlesAlerts: true, hasTouchScreen: false, javascriptEnabled: true, locationContextEnabled: true, mobileEmulationEnabled: false, nativeEvents: true, networkConnectionEnabled: false, pageLoadStrategy: normal, platform: XP, platformName: XP, rotatable: false, setWindowRect: true, takesHeapSnapshot: true, takesScreenshot: true, unexpectedAlertBehaviour: , unhandledPromptBehavior: , version: 71.0.3578.98, webStorageEnabled: true}
Session ID: cc0466ccc09231b2a68270147c933448
*** Element info: {Using=xpath, value=//*[@class=&amp;apos;swal-text&amp;apos;]}">
      <![CDATA[org.openqa.selenium.NoSuchElementException: no such element: Unable to locate element: {"method":"xpath","selector":"//*[@class='swal-text']"}
  (Session info: chrome=71.0.3578.98)
  (Driver info: chromedriver=2.42.591088 (7b2b2dca23cca0862f674758c9a3933e685c27d5),platform=Windows NT 10.0.16299 x86_64) (WARNING: The server did not provide any stacktrace information)
Command duration or timeout: 0 milliseconds
For documentation on this error, please visit: http://seleniumhq.org/exceptions/no_such_element.html
Build info: version: '3.14.0', revision: 'aacccce0', time: '2018-08-02T20:13:22.693Z'
System info: host: 'T4UBLRLPUSR093', ip: '172.16.2.150', os.name: 'Windows 10', os.arch: 'amd64', os.version: '10.0', java.version: '1.8.0_181'
Driver info: org.openqa.selenium.chrome.ChromeDriver
Capabilities {acceptInsecureCerts: false, acceptSslCerts: false, applicationCacheEnabled: false, browserConnectionEnabled: false, browserName: chrome, chrome: {chromedriverVersion: 2.42.591088 (7b2b2dca23cca0..., userDataDir: C:\Users\CGN04\AppData\Loca...}, cssSelectorsEnabled: true, databaseEnabled: false, goog:chromeOptions: {debuggerAddress: localhost:50330}, handlesAlerts: true, hasTouchScreen: false, javascriptEnabled: true, locationContextEnabled: true, mobileEmulationEnabled: false, nativeEvents: true, networkConnectionEnabled: false, pageLoadStrategy: normal, platform: XP, platformName: XP, rotatable: false, setWindowRect: true, takesHeapSnapshot: true, takesScreenshot: true, unexpectedAlertBehaviour: , unhandledPromptBehavior: , version: 71.0.3578.98, webStorageEnabled: true}
Session ID: cc0466ccc09231b2a68270147c933448
*** Element info: {Using=xpath, value=//*[@class='swal-text']}
at org.openqa.selenium.remote.ErrorHandler.createThrowable(ErrorHandler.java:214)
at org.openqa.selenium.remote.ErrorHandler.throwIfResponseFailed(ErrorHandler.java:166)
at org.openqa.selenium.remote.http.JsonHttpResponseCodec.reconstructValue(JsonHttpResponseCodec.java:40)
at org.openqa.selenium.remote.http.AbstractHttpResponseCodec.decode(AbstractHttpResponseCodec.java:80)
at org.openqa.selenium.remote.http.AbstractHttpResponseCodec.decode(AbstractHttpResponseCodec.java:44)
at org.openqa.selenium.remote.HttpCommandExecutor.execute(HttpCommandExecutor.java:158)
at org.openqa.selenium.remote.service.DriverCommandExecutor.execute(DriverCommandExecutor.java:83)
at org.openqa.selenium.remote.RemoteWebDriver.execute(RemoteWebDriver.java:548)
at org.openqa.selenium.remote.RemoteWebDriver.findElement(RemoteWebDriver.java:322)
at org.openqa.selenium.remote.RemoteWebDriver.findElementByXPath(RemoteWebDriver.java:424)
at org.openqa.selenium.By$ByXPath.findElement(By.java:353)
at org.openqa.selenium.remote.RemoteWebDriver.findElement(RemoteWebDriver.java:314)
at org.openqa.selenium.support.pagefactory.DefaultElementLocator.findElement(DefaultElementLocator.java:69)
at org.openqa.selenium.support.pagefactory.internal.LocatingElementHandler.invoke(LocatingElementHandler.java:38)
at com.sun.proxy.$Proxy13.getText(Unknown Source)
at generic.MainActivity.getAlertText(MainActivity.java:261)
at generic.MainActivity.asserAlert(MainActivity.java:90)
at scripts.ForgotPassword.forgotPasswordwithWrongOTP(ForgotPassword.java:162)
... Removed 29 stack frames]]>
    </failure>
  </testcase> <!-- forgotPasswordwithWrongOTP -->
  <testcase name="forgotPasswordwithAllValidDATA" time="14.764" classname="scripts.ForgotPassword"/>
  <testcase name="loginWithoutInput" time="10.604" classname="scripts.Login"/>
  <testcase name="loginWithUsername" time="5.993" classname="scripts.Login"/>
  <testcase name="loginWithPwd" time="5.914" classname="scripts.Login"/>
  <testcase name="validCredential" time="5.344" classname="scripts.Login"/>
  <testcase name="validateLocationTypoHead" time="2.674" classname="scripts.ConsumerModel"/>
  <testcase name="validateWithoutDistrict" time="5.573" classname="scripts.ConsumerModel"/>
  <testcase name="validateWithoutStoskYard" time="7.565" classname="scripts.ConsumerModel"/>
  <testcase name="validateWithoutQTY" time="15.963" classname="scripts.ConsumerModel"/>
  <testcase name="validateDistrict" time="1.272" classname="scripts.ConsumerModel"/>
  <testcase name="validateStockyard" time="20.46" classname="scripts.ConsumerModel"/>
  <testcase name="validateAvailableStock_and_uniPrice" time="13.211" classname="scripts.ConsumerModel"/>
  <testcase name="valdtBookingForm" time="1.836" classname="scripts.ConsumerModel"/>
  <testcase name="valdtBookingForm" time="1.792" classname="scripts.ConsumerModel"/>
  <testcase name="valdtBookingForm" time="1.793" classname="scripts.ConsumerModel"/>
  <testcase name="valdtBookingForm" time="1.777" classname="scripts.ConsumerModel"/>
  <testcase name="valdtBookingForm" time="1.801" classname="scripts.ConsumerModel"/>
  <testcase name="valdtBookingForm" time="1.831" classname="scripts.ConsumerModel"/>
  <testcase name="valdtBookingForm" time="1.791" classname="scripts.ConsumerModel"/>
  <testcase name="valdtBookingForm" time="1.804" classname="scripts.ConsumerModel"/>
  <testcase name="valdtBookingForm" time="1.774" classname="scripts.ConsumerModel"/>
  <testcase name="checktotalQty" time="0.096" classname="scripts.ConsumerModel"/>
  <testcase name="dValidatePrice" time="0.175" classname="scripts.ConsumerModel"/>
  <testcase name="exeedUserlimit" time="1.236" classname="scripts.ConsumerModel"/>
  <testcase name="zReset" time="0.004" classname="scripts.ConsumerModel"/>
  <testcase name="vlidtBookFrm" time="4.162" classname="scripts.ConsumerModel"/>
  <testcase name="vlidtBookFrm" time="4.139" classname="scripts.ConsumerModel"/>
  <testcase name="vlidtBookFrm" time="4.102" classname="scripts.ConsumerModel"/>
  <testcase name="vlidtBookFrm" time="4.12" classname="scripts.ConsumerModel"/>
  <testcase name="vlidtBookFrm" time="4.133" classname="scripts.ConsumerModel"/>
  <testcase name="vlidtBookFrm" time="4.12" classname="scripts.ConsumerModel"/>
  <testcase name="vlidtBookFrm" time="4.146" classname="scripts.ConsumerModel"/>
  <testcase name="vlidtBookFrm" time="4.109" classname="scripts.ConsumerModel"/>
  <testcase name="vlidtBookFrm" time="1.777" classname="scripts.ConsumerModel"/>
  <testcase name="aCheckPrices" time="2.167" classname="scripts.ConsumerModel"/>
  <testcase name="aCheckQty" time="2.113" classname="scripts.ConsumerModel"/>
  <testcase name="navigateToReviewBooking" time="3.627" classname="scripts.ConsumerModel"/>
  <testcase name="validateRBWithoutLocation" time="5.621" classname="scripts.ConsumerModel"/>
  <testcase name="validateRBWithoutAltnatMobile" time="8.183" classname="scripts.ConsumerModel"/>
  <testcase name="validateRBInvalidAltnatMobile" time="9.645" classname="scripts.ConsumerModel"/>
  <testcase name="validateRBWithValidData" time="6.8" classname="scripts.ConsumerModel"/>
  <testcase name="validateStockYardinCP" time="0.094" classname="scripts.ConsumerModel"/>
  <testcase name="validateUnitPriceinCP" time="0.055" classname="scripts.ConsumerModel"/>
  <testcase name="validateTotalQtyinCP" time="0.091" classname="scripts.ConsumerModel"/>
  <testcase name="validateTotalPriceinCP" time="0.081" classname="scripts.ConsumerModel"/>
  <testcase name="validateGstinCP" time="0.088" classname="scripts.ConsumerModel"/>
  <testcase name="validateTotalPayableinCP" time="0.077" classname="scripts.ConsumerModel"/>
  <testcase name="checkReviewBookingBackward" time="0.369" classname="scripts.ConsumerModel">
    <failure type="java.lang.AssertionError" message="expected [1, Mahatma Gandhi Main Road, Upper Bazar, Ranchi, Jharkhand] but found [2345678909]">
      <![CDATA[java.lang.AssertionError: expected [1, Mahatma Gandhi Main Road, Upper Bazar, Ranchi, Jharkhand] but found [2345678909]
at scripts.ConsumerModel.checkReviewBookingBackward(ConsumerModel.java:435)
... Removed 31 stack frames]]>
    </failure>
  </testcase> <!-- checkReviewBookingBackward -->
  <testcase name="checkalternateMobileBackward" time="0.543" classname="scripts.ConsumerModel">
    <failure type="java.lang.AssertionError" message="expected [2345678909] but found []">
      <![CDATA[java.lang.AssertionError: expected [2345678909] but found []
at scripts.ConsumerModel.checkalternateMobileBackward(ConsumerModel.java:445)
... Removed 31 stack frames]]>
    </failure>
  </testcase> <!-- checkalternateMobileBackward -->
  <testcase name="checkBookFormBackward" time="2.123" classname="scripts.ConsumerModel">
    <failure type="java.lang.AssertionError" message="expected [true] but found [false]">
      <![CDATA[java.lang.AssertionError: expected [true] but found [false]
at scripts.ConsumerModel.asserCft(ConsumerModel.java:636)
at scripts.ConsumerModel.checkTotlcft(ConsumerModel.java:576)
at scripts.ConsumerModel.checkBookFormBackward(ConsumerModel.java:452)
... Removed 29 stack frames]]>
    </failure>
  </testcase> <!-- checkBookFormBackward -->
  <testcase name="checkBookFormBackward" time="2.096" classname="scripts.ConsumerModel"/>
  <testcase name="checkBookFormBackward" time="2.111" classname="scripts.ConsumerModel"/>
  <testcase name="checkBookFormBackward" time="2.114" classname="scripts.ConsumerModel"/>
  <testcase name="checkBookFormBackward" time="2.12" classname="scripts.ConsumerModel"/>
  <testcase name="checkBookFormBackward" time="2.117" classname="scripts.ConsumerModel"/>
  <testcase name="checkBookFormBackward" time="2.11" classname="scripts.ConsumerModel"/>
  <testcase name="checkBookFormBackward" time="2.104" classname="scripts.ConsumerModel"/>
  <testcase name="checkBookFormBackward" time="2.129" classname="scripts.ConsumerModel"/>
  <testcase name="verifyTotalQTY" time="0.04" classname="scripts.ConsumerModel"/>
  <testcase name="verifyPrice" time="0.15" classname="scripts.ConsumerModel">
    <failure type="java.lang.AssertionError" message="expected [1.0] but found [0.0]">
      <![CDATA[java.lang.AssertionError: expected [1.0] but found [0.0]
at scripts.ConsumerModel.verifyPrice(ConsumerModel.java:481)
... Removed 30 stack frames]]>
    </failure>
  </testcase> <!-- verifyPrice -->
  <testcase name="forwardtoConfirmPage" time="2.579" classname="scripts.ConsumerModel"/>
  <testcase name="navigateToPayment" time="11.123" classname="scripts.Payment"/>
  <testcase name="validatePaymentPrice" time="0.059" classname="scripts.Payment"/>
  <testcase name="cancelPayment" time="16.233" classname="scripts.Payment"/>
  <testcase name="paymentFail" time="0.127" classname="scripts.Payment"/>
  <testcase name="checkBookingid" time="0.058" classname="scripts.Payment"/>
  <testcase name="checkPaymentStatus" time="0.045" classname="scripts.Payment"/>
  <testcase name="checkAddress" time="0.046" classname="scripts.Payment"/>
  <testcase name="navigateToHome" time="6.536" classname="scripts.Payment"/>
  <testcase name="zBookingForm" time="22.121" classname="scripts.Payment"/>
  <testcase name="zzRes" time="1.326" classname="scripts.Payment"/>
  <testcase name="navigateToPaymentPage" time="11.844" classname="scripts.Payment"/>
  <testcase name="navigateToPaymentPage" time="11.858" classname="scripts.Payment"/>
  <testcase name="navigateToPaymentPage" time="11.811" classname="scripts.Payment"/>
  <testcase name="navigateToPaymentPage" time="11.803" classname="scripts.Payment"/>
  <testcase name="navigateToPaymentPage" time="11.861" classname="scripts.Payment"/>
  <testcase name="navigateToPaymentPage" time="11.86" classname="scripts.Payment"/>
  <testcase name="navigateToPaymentPage" time="11.823" classname="scripts.Payment"/>
  <testcase name="navigateToPaymentPage" time="11.764" classname="scripts.Payment"/>
  <testcase name="navigateToPaymentPage" time="11.791" classname="scripts.Payment"/>
  <testcase name="znavigateToPayPage" time="20.673" classname="scripts.Payment"/>
  <testcase name="aCreditCard" time="18.09" classname="scripts.Payment"/>
  <testcase name="navigateToHomePage" time="2.509" classname="scripts.CartOperTest"/>
  <testcase name="checkAddCartBtn" time="5.598" classname="scripts.CartOperTest"/>
  <testcase name="dcheckAddCartBtn" time="7.582" classname="scripts.CartOperTest"/>
  <testcase name="echeckAddCartBtn" time="9.611" classname="scripts.CartOperTest"/>
  <testcase name="selectDistAndStockyard" time="15.232" classname="scripts.CartOperTest"/>
  <testcase name="fillBookingForm" time="1.848" classname="scripts.CartOperTest"/>
  <testcase name="fillBookingForm" time="1.762" classname="scripts.CartOperTest"/>
  <testcase name="fillBookingForm" time="1.782" classname="scripts.CartOperTest"/>
  <testcase name="fillBookingForm" time="1.801" classname="scripts.CartOperTest"/>
  <testcase name="fillBookingForm" time="1.812" classname="scripts.CartOperTest"/>
  <testcase name="fillBookingForm" time="1.751" classname="scripts.CartOperTest"/>
  <testcase name="fillBookingForm" time="1.814" classname="scripts.CartOperTest"/>
  <testcase name="fillBookingForm" time="1.812" classname="scripts.CartOperTest"/>
  <testcase name="fillBookingForm" time="1.817" classname="scripts.CartOperTest"/>
  <testcase name="checkQtyB" time="0.078" classname="scripts.CartOperTest"/>
  <testcase name="checkCalculation" time="0.18" classname="scripts.CartOperTest"/>
  <testcase name="clickonAddToCart" time="3.913" classname="scripts.CartOperTest"/>
  <testcase name="checkStockyardInCart" time="2.06" classname="scripts.CartOperTest"/>
  <testcase name="checkQTYInCart" time="2.078" classname="scripts.CartOperTest"/>
  <testcase name="checkPriceInCart" time="2.069" classname="scripts.CartOperTest"/>
  <testcase name="clickOnBuy" time="0.097" classname="scripts.CartOperTest"/>
  <testcase name="checkDestination" time="5.463" classname="scripts.CartOperTest"/>
  <testcase name="checkDestinationWithOutMobile" time="7.978" classname="scripts.CartOperTest"/>
  <testcase name="checkDestinationWithInvalidmobile" time="9.368" classname="scripts.CartOperTest"/>
  <testcase name="checkDestinationWithvalidmobile" time="6.401" classname="scripts.CartOperTest"/>
  <testcase name="checkStockyardinCP" time="0.044" classname="scripts.CartOperTest"/>
  <testcase name="checkUnitPriceCP" time="0.03" classname="scripts.CartOperTest"/>
  <testcase name="checkTotalQTY" time="0.048" classname="scripts.CartOperTest"/>
  <testcase name="checkTotPriceCP" time="0.051" classname="scripts.CartOperTest"/>
  <testcase name="checkGSTinCP" time="0.055" classname="scripts.CartOperTest"/>
  <testcase name="checkTotalPayableinCP" time="0.056" classname="scripts.CartOperTest"/>
  <testcase name="navigateEazypay" time="10.513" classname="scripts.CartOperTest"/>
  <testcase name="checkprice" time="0.031" classname="scripts.CartOperTest"/>
  <testcase name="validatCan" time="14.328" classname="scripts.CartOperTest"/>
  <testcase name="checkResMsg" time="0.12" classname="scripts.CartOperTest"/>
  <testcase name="checkbookingid" time="0.059" classname="scripts.CartOperTest"/>
  <testcase name="checkstatus" time="0.055" classname="scripts.CartOperTest"/>
  <testcase name="checkaddress" time="0.055" classname="scripts.CartOperTest"/>
  <testcase name="navigateHm" time="5.188" classname="scripts.CartOperTest"/>
  <testcase name="preset" time="20.0" classname="scripts.CartOperTest"/>
  <testcase name="fillBookingForm2" time="11.817" classname="scripts.CartOperTest"/>
  <testcase name="fillBookingForm2" time="11.876" classname="scripts.CartOperTest"/>
  <testcase name="fillBookingForm2" time="11.817" classname="scripts.CartOperTest"/>
  <testcase name="fillBookingForm2" time="11.827" classname="scripts.CartOperTest"/>
  <testcase name="fillBookingForm2" time="11.819" classname="scripts.CartOperTest"/>
  <testcase name="fillBookingForm2" time="11.811" classname="scripts.CartOperTest"/>
  <testcase name="fillBookingForm2" time="11.731" classname="scripts.CartOperTest"/>
  <testcase name="fillBookingForm2" time="11.792" classname="scripts.CartOperTest"/>
  <testcase name="fillBookingForm2" time="11.821" classname="scripts.CartOperTest"/>
  <testcase name="checkAll" time="0.187" classname="scripts.CartOperTest"/>
  <testcase name="testaddcart" time="4.464" classname="scripts.CartOperTest"/>
  <testcase name="testQTY" time="2.095" classname="scripts.CartOperTest"/>
  <testcase name="testPrice" time="2.086" classname="scripts.CartOperTest"/>
  <testcase name="testA" time="0.09" classname="scripts.CartOperTest"/>
  <testcase name="test34" time="5.499" classname="scripts.CartOperTest"/>
  <testcase name="test35" time="8.073" classname="scripts.CartOperTest"/>
  <testcase name="test36" time="9.607" classname="scripts.CartOperTest"/>
  <testcase name="test37" time="6.281" classname="scripts.CartOperTest"/>
  <testcase name="test38" time="0.044" classname="scripts.CartOperTest"/>
  <testcase name="test39" time="0.031" classname="scripts.CartOperTest"/>
  <testcase name="test40" time="0.05" classname="scripts.CartOperTest"/>
  <testcase name="test41" time="0.053" classname="scripts.CartOperTest"/>
  <testcase name="test42" time="0.054" classname="scripts.CartOperTest"/>
  <testcase name="test43" time="0.059" classname="scripts.CartOperTest"/>
  <testcase name="test44" time="10.536" classname="scripts.CartOperTest"/>
  <testcase name="test45" time="0.057" classname="scripts.CartOperTest"/>
  <testcase name="creditCncl" time="10.686" classname="scripts.CartOperTest"/>
  <testcase name="afterCredit" time="1.558" classname="scripts.CartOperTest"/>
  <testcase name="goHome" time="5.142" classname="scripts.CartOperTest"/>
  <testcase name="aCheckDistrictEdit" time="0.0" classname="scripts.ConsumerModel">
    <ignored/>
  </testcase> <!-- aCheckDistrictEdit -->
  <testcase name="verifyPriceEdit" time="0.0" classname="scripts.ConsumerModel">
    <ignored/>
  </testcase> <!-- verifyPriceEdit -->
  <testcase name="selectStockEdit" time="0.0" classname="scripts.ConsumerModel">
    <ignored/>
  </testcase> <!-- selectStockEdit -->
  <testcase name="aCheckStockyardEdit" time="0.0" classname="scripts.ConsumerModel">
    <ignored/>
  </testcase> <!-- aCheckStockyardEdit -->
  <testcase name="invalidPwd" time="0.0" classname="scripts.Login">
    <ignored/>
  </testcase> <!-- invalidPwd -->
  <testcase name="navigateToConfirmPay" time="0.0" classname="scripts.ConsumerModel">
    <ignored/>
  </testcase> <!-- navigateToConfirmPay -->
  <testcase name="checkEditVal" time="0.0" classname="scripts.ConsumerModel">
    <ignored/>
  </testcase> <!-- checkEditVal -->
  <testcase name="validtTotalQTYedit" time="0.0" classname="scripts.ConsumerModel">
    <ignored/>
  </testcase> <!-- validtTotalQTYedit -->
  <testcase name="checkEditExistingVal" time="0.0" classname="scripts.ConsumerModel">
    <ignored/>
  </testcase> <!-- checkEditExistingVal -->
  <testcase name="notifyBrowse" time="0.0" classname="scripts.ConsumerModel">
    <ignored/>
  </testcase> <!-- notifyBrowse -->
  <testcase name="blockedUser" time="0.0" classname="scripts.Login">
    <ignored/>
  </testcase> <!-- blockedUser -->
  <testcase name="invalidUser" time="0.0" classname="scripts.Login">
    <ignored/>
  </testcase> <!-- invalidUser -->
</testsuite> <!-- Test -->
