<?xml version="1.0" encoding="UTF-8"?>
<!-- Generated by org.testng.reporters.JUnitReportReporter -->
<testsuite skipped="0" hostname="T4ublrlpusr093" name="scripts.Payment" tests="89" failures="4" timestamp="27 Dec 2018 10:43:27 GMT" time="583.060" errors="0">
  <testcase name="loginWithoutInput" time="10.511" classname="scripts.Payment"/>
  <testcase name="loginWithUsername" time="5.694" classname="scripts.Payment"/>
  <testcase name="loginWithPwd" time="5.752" classname="scripts.Payment"/>
  <testcase name="validCredential" time="4.634" classname="scripts.Payment"/>
  <testcase name="validateWithoutDistrict" time="5.774" classname="scripts.Payment"/>
  <testcase name="validateLocationTypoHead" time="2.623" classname="scripts.Payment"/>
  <testcase name="validateWithoutStoskYard" time="7.199" classname="scripts.Payment"/>
  <testcase name="validateWithoutQTY" time="15.314" classname="scripts.Payment"/>
  <testcase name="validateDistrict" time="0.571" classname="scripts.Payment"/>
  <testcase name="validateStockyard" time="18.093" classname="scripts.Payment"/>
  <testcase name="validateAvailableStock_and_uniPrice" time="9.343" classname="scripts.Payment"/>
  <testcase name="valdtBookingForm" time="3.369" classname="scripts.Payment"/>
  <testcase name="valdtBookingForm" time="3.384" classname="scripts.Payment"/>
  <testcase name="valdtBookingForm" time="3.408" classname="scripts.Payment"/>
  <testcase name="valdtBookingForm" time="3.390" classname="scripts.Payment"/>
  <testcase name="valdtBookingForm" time="3.760" classname="scripts.Payment"/>
  <testcase name="valdtBookingForm" time="3.394" classname="scripts.Payment"/>
  <testcase name="valdtBookingForm" time="3.368" classname="scripts.Payment"/>
  <testcase name="valdtBookingForm" time="3.378" classname="scripts.Payment"/>
  <testcase name="valdtBookingForm" time="3.410" classname="scripts.Payment"/>
  <testcase name="exeedUserlimit" time="1.521" classname="scripts.Payment"/>
  <testcase name="dValidatePrice" time="0.078" classname="scripts.Payment"/>
  <testcase name="checktotalQty" time="0.041" classname="scripts.Payment"/>
  <testcase name="zReset" time="0.001" classname="scripts.Payment"/>
  <testcase name="vlidtBookFrm" time="6.499" classname="scripts.Payment"/>
  <testcase name="vlidtBookFrm" time="3.362" classname="scripts.Payment"/>
  <testcase name="vlidtBookFrm" time="6.517" classname="scripts.Payment"/>
  <testcase name="vlidtBookFrm" time="6.538" classname="scripts.Payment"/>
  <testcase name="vlidtBookFrm" time="6.580" classname="scripts.Payment"/>
  <testcase name="vlidtBookFrm" time="6.874" classname="scripts.Payment"/>
  <testcase name="vlidtBookFrm" time="6.591" classname="scripts.Payment"/>
  <testcase name="vlidtBookFrm" time="6.551" classname="scripts.Payment"/>
  <testcase name="vlidtBookFrm" time="6.558" classname="scripts.Payment"/>
  <testcase name="navigateToReviewBooking" time="3.424" classname="scripts.Payment"/>
  <testcase name="aCheckQty" time="2.069" classname="scripts.Payment"/>
  <testcase name="aCheckPrices" time="2.080" classname="scripts.Payment"/>
  <testcase name="validateRBWithoutLocation" time="5.483" classname="scripts.Payment"/>
  <testcase name="validateRBWithoutAltnatMobile" time="7.883" classname="scripts.Payment"/>
  <testcase name="validateRBInvalidAltnatMobile" time="9.314" classname="scripts.Payment"/>
  <testcase name="validateRBWithValidData" time="6.159" classname="scripts.Payment"/>
  <testcase name="validateStockYardinCP" time="0.039" classname="scripts.Payment"/>
  <testcase name="validateUnitPriceinCP" time="0.024" classname="scripts.Payment"/>
  <testcase name="validateTotalQtyinCP" time="0.039" classname="scripts.Payment"/>
  <testcase name="validateTotalPriceinCP" time="0.034" classname="scripts.Payment"/>
  <testcase name="validateGstinCP" time="0.039" classname="scripts.Payment"/>
  <testcase name="validateTotalPayableinCP" time="0.036" classname="scripts.Payment"/>
  <testcase name="checkReviewBookingBackward" time="0.179" classname="scripts.Payment">
    <failure type="java.lang.AssertionError" message="expected [1, Mahatma Gandhi Main Road, Upper Bazar, Ranchi, Jharkhand] but found [2345678909]">
      <![CDATA[java.lang.AssertionError: expected [1, Mahatma Gandhi Main Road, Upper Bazar, Ranchi, Jharkhand] but found [2345678909]
at org.testng.Assert.fail(Assert.java:96)
at org.testng.Assert.failNotEquals(Assert.java:776)
at org.testng.Assert.assertEqualsImpl(Assert.java:137)
at org.testng.Assert.assertEquals(Assert.java:118)
at org.testng.Assert.assertEquals(Assert.java:453)
at org.testng.Assert.assertEquals(Assert.java:463)
at scripts.ConsumerModel.checkReviewBookingBackward(ConsumerModel.java:360)
at sun.reflect.NativeMethodAccessorImpl.invoke0(Native Method)
at sun.reflect.NativeMethodAccessorImpl.invoke(Unknown Source)
at sun.reflect.DelegatingMethodAccessorImpl.invoke(Unknown Source)
at java.lang.reflect.Method.invoke(Unknown Source)
at org.testng.internal.MethodInvocationHelper.invokeMethod(MethodInvocationHelper.java:124)
at org.testng.internal.Invoker.invokeMethod(Invoker.java:580)
at org.testng.internal.Invoker.invokeTestMethod(Invoker.java:716)
at org.testng.internal.Invoker.invokeTestMethods(Invoker.java:988)
at org.testng.internal.TestMethodWorker.invokeTestMethods(TestMethodWorker.java:125)
at org.testng.internal.TestMethodWorker.run(TestMethodWorker.java:109)
at org.testng.TestRunner.privateRun(TestRunner.java:648)
at org.testng.TestRunner.run(TestRunner.java:505)
at org.testng.SuiteRunner.runTest(SuiteRunner.java:455)
at org.testng.SuiteRunner.runSequentially(SuiteRunner.java:450)
at org.testng.SuiteRunner.privateRun(SuiteRunner.java:415)
at org.testng.SuiteRunner.run(SuiteRunner.java:364)
at org.testng.SuiteRunnerWorker.runSuite(SuiteRunnerWorker.java:52)
at org.testng.SuiteRunnerWorker.run(SuiteRunnerWorker.java:84)
at org.testng.TestNG.runSuitesSequentially(TestNG.java:1208)
at org.testng.TestNG.runSuitesLocally(TestNG.java:1137)
at org.testng.TestNG.runSuites(TestNG.java:1049)
at org.testng.TestNG.run(TestNG.java:1017)
at org.testng.remote.AbstractRemoteTestNG.run(AbstractRemoteTestNG.java:114)
at org.testng.remote.RemoteTestNG.initAndRun(RemoteTestNG.java:251)
at org.testng.remote.RemoteTestNG.main(RemoteTestNG.java:77)
]]>
    </failure>
  </testcase> <!-- checkReviewBookingBackward -->
  <testcase name="checkalternateMobileBackward" time="0.238" classname="scripts.Payment">
    <failure type="java.lang.AssertionError" message="expected [2345678909] but found []">
      <![CDATA[java.lang.AssertionError: expected [2345678909] but found []
at org.testng.Assert.fail(Assert.java:96)
at org.testng.Assert.failNotEquals(Assert.java:776)
at org.testng.Assert.assertEqualsImpl(Assert.java:137)
at org.testng.Assert.assertEquals(Assert.java:118)
at org.testng.Assert.assertEquals(Assert.java:453)
at org.testng.Assert.assertEquals(Assert.java:463)
at scripts.ConsumerModel.checkalternateMobileBackward(ConsumerModel.java:370)
at sun.reflect.NativeMethodAccessorImpl.invoke0(Native Method)
at sun.reflect.NativeMethodAccessorImpl.invoke(Unknown Source)
at sun.reflect.DelegatingMethodAccessorImpl.invoke(Unknown Source)
at java.lang.reflect.Method.invoke(Unknown Source)
at org.testng.internal.MethodInvocationHelper.invokeMethod(MethodInvocationHelper.java:124)
at org.testng.internal.Invoker.invokeMethod(Invoker.java:580)
at org.testng.internal.Invoker.invokeTestMethod(Invoker.java:716)
at org.testng.internal.Invoker.invokeTestMethods(Invoker.java:988)
at org.testng.internal.TestMethodWorker.invokeTestMethods(TestMethodWorker.java:125)
at org.testng.internal.TestMethodWorker.run(TestMethodWorker.java:109)
at org.testng.TestRunner.privateRun(TestRunner.java:648)
at org.testng.TestRunner.run(TestRunner.java:505)
at org.testng.SuiteRunner.runTest(SuiteRunner.java:455)
at org.testng.SuiteRunner.runSequentially(SuiteRunner.java:450)
at org.testng.SuiteRunner.privateRun(SuiteRunner.java:415)
at org.testng.SuiteRunner.run(SuiteRunner.java:364)
at org.testng.SuiteRunnerWorker.runSuite(SuiteRunnerWorker.java:52)
at org.testng.SuiteRunnerWorker.run(SuiteRunnerWorker.java:84)
at org.testng.TestNG.runSuitesSequentially(TestNG.java:1208)
at org.testng.TestNG.runSuitesLocally(TestNG.java:1137)
at org.testng.TestNG.runSuites(TestNG.java:1049)
at org.testng.TestNG.run(TestNG.java:1017)
at org.testng.remote.AbstractRemoteTestNG.run(AbstractRemoteTestNG.java:114)
at org.testng.remote.RemoteTestNG.initAndRun(RemoteTestNG.java:251)
at org.testng.remote.RemoteTestNG.main(RemoteTestNG.java:77)
]]>
    </failure>
  </testcase> <!-- checkalternateMobileBackward -->
  <testcase name="checkBookFormBackward" time="2.075" classname="scripts.Payment"/>
  <testcase name="checkBookFormBackward" time="2.095" classname="scripts.Payment"/>
  <testcase name="checkBookFormBackward" time="2.063" classname="scripts.Payment"/>
  <testcase name="checkBookFormBackward" time="2.052" classname="scripts.Payment"/>
  <testcase name="checkBookFormBackward" time="2.072" classname="scripts.Payment"/>
  <testcase name="checkBookFormBackward" time="2.071" classname="scripts.Payment">
    <failure type="java.lang.AssertionError" message="expected [true] but found [false]">
      <![CDATA[java.lang.AssertionError: expected [true] but found [false]
at org.testng.Assert.fail(Assert.java:96)
at org.testng.Assert.failNotEquals(Assert.java:776)
at org.testng.Assert.assertTrue(Assert.java:44)
at org.testng.Assert.assertTrue(Assert.java:54)
at scripts.ConsumerModel.asserCft(ConsumerModel.java:565)
at scripts.ConsumerModel.checkTotlcft(ConsumerModel.java:505)
at scripts.ConsumerModel.checkBookFormBackward(ConsumerModel.java:377)
at sun.reflect.NativeMethodAccessorImpl.invoke0(Native Method)
at sun.reflect.NativeMethodAccessorImpl.invoke(Unknown Source)
at sun.reflect.DelegatingMethodAccessorImpl.invoke(Unknown Source)
at java.lang.reflect.Method.invoke(Unknown Source)
at org.testng.internal.MethodInvocationHelper.invokeMethod(MethodInvocationHelper.java:124)
at org.testng.internal.Invoker.invokeMethod(Invoker.java:580)
at org.testng.internal.Invoker.invokeTestMethod(Invoker.java:716)
at org.testng.internal.Invoker.invokeTestMethods(Invoker.java:988)
at org.testng.internal.TestMethodWorker.invokeTestMethods(TestMethodWorker.java:125)
at org.testng.internal.TestMethodWorker.run(TestMethodWorker.java:109)
at org.testng.TestRunner.privateRun(TestRunner.java:648)
at org.testng.TestRunner.run(TestRunner.java:505)
at org.testng.SuiteRunner.runTest(SuiteRunner.java:455)
at org.testng.SuiteRunner.runSequentially(SuiteRunner.java:450)
at org.testng.SuiteRunner.privateRun(SuiteRunner.java:415)
at org.testng.SuiteRunner.run(SuiteRunner.java:364)
at org.testng.SuiteRunnerWorker.runSuite(SuiteRunnerWorker.java:52)
at org.testng.SuiteRunnerWorker.run(SuiteRunnerWorker.java:84)
at org.testng.TestNG.runSuitesSequentially(TestNG.java:1208)
at org.testng.TestNG.runSuitesLocally(TestNG.java:1137)
at org.testng.TestNG.runSuites(TestNG.java:1049)
at org.testng.TestNG.run(TestNG.java:1017)
at org.testng.remote.AbstractRemoteTestNG.run(AbstractRemoteTestNG.java:114)
at org.testng.remote.RemoteTestNG.initAndRun(RemoteTestNG.java:251)
at org.testng.remote.RemoteTestNG.main(RemoteTestNG.java:77)
]]>
    </failure>
  </testcase> <!-- checkBookFormBackward -->
  <testcase name="checkBookFormBackward" time="2.088" classname="scripts.Payment"/>
  <testcase name="checkBookFormBackward" time="2.085" classname="scripts.Payment"/>
  <testcase name="checkBookFormBackward" time="2.050" classname="scripts.Payment"/>
  <testcase name="verifyTotalQTY" time="0.032" classname="scripts.Payment"/>
  <testcase name="verifyPrice" time="0.085" classname="scripts.Payment">
    <failure type="java.lang.AssertionError" message="expected [1.0] but found [0.0]">
      <![CDATA[java.lang.AssertionError: expected [1.0] but found [0.0]
at org.testng.Assert.fail(Assert.java:96)
at org.testng.Assert.failNotEquals(Assert.java:776)
at org.testng.Assert.assertEqualsImpl(Assert.java:137)
at org.testng.Assert.assertEquals(Assert.java:118)
at org.testng.Assert.assertEquals(Assert.java:442)
at scripts.ConsumerModel.verifyPrice(ConsumerModel.java:406)
at sun.reflect.NativeMethodAccessorImpl.invoke0(Native Method)
at sun.reflect.NativeMethodAccessorImpl.invoke(Unknown Source)
at sun.reflect.DelegatingMethodAccessorImpl.invoke(Unknown Source)
at java.lang.reflect.Method.invoke(Unknown Source)
at org.testng.internal.MethodInvocationHelper.invokeMethod(MethodInvocationHelper.java:124)
at org.testng.internal.Invoker.invokeMethod(Invoker.java:580)
at org.testng.internal.Invoker.invokeTestMethod(Invoker.java:716)
at org.testng.internal.Invoker.invokeTestMethods(Invoker.java:988)
at org.testng.internal.TestMethodWorker.invokeTestMethods(TestMethodWorker.java:125)
at org.testng.internal.TestMethodWorker.run(TestMethodWorker.java:109)
at org.testng.TestRunner.privateRun(TestRunner.java:648)
at org.testng.TestRunner.run(TestRunner.java:505)
at org.testng.SuiteRunner.runTest(SuiteRunner.java:455)
at org.testng.SuiteRunner.runSequentially(SuiteRunner.java:450)
at org.testng.SuiteRunner.privateRun(SuiteRunner.java:415)
at org.testng.SuiteRunner.run(SuiteRunner.java:364)
at org.testng.SuiteRunnerWorker.runSuite(SuiteRunnerWorker.java:52)
at org.testng.SuiteRunnerWorker.run(SuiteRunnerWorker.java:84)
at org.testng.TestNG.runSuitesSequentially(TestNG.java:1208)
at org.testng.TestNG.runSuitesLocally(TestNG.java:1137)
at org.testng.TestNG.runSuites(TestNG.java:1049)
at org.testng.TestNG.run(TestNG.java:1017)
at org.testng.remote.AbstractRemoteTestNG.run(AbstractRemoteTestNG.java:114)
at org.testng.remote.RemoteTestNG.initAndRun(RemoteTestNG.java:251)
at org.testng.remote.RemoteTestNG.main(RemoteTestNG.java:77)
]]>
    </failure>
  </testcase> <!-- verifyPrice -->
  <testcase name="forwardtoConfirmPage" time="2.253" classname="scripts.Payment"/>
  <testcase name="navigateToPayment" time="10.599" classname="scripts.Payment"/>
  <testcase name="validatePaymentPrice" time="0.031" classname="scripts.Payment"/>
  <testcase name="cancelPayment" time="14.979" classname="scripts.Payment"/>
  <testcase name="paymentFail" time="0.085" classname="scripts.Payment"/>
  <testcase name="checkBookingid" time="0.035" classname="scripts.Payment"/>
  <testcase name="checkPaymentStatus" time="0.458" classname="scripts.Payment"/>
  <testcase name="checkAddress" time="0.047" classname="scripts.Payment"/>
  <testcase name="navigateToHome" time="5.877" classname="scripts.Payment"/>
  <testcase name="zBookingForm" time="19.085" classname="scripts.Payment"/>
  <testcase name="navigateToPaymentPage" time="13.417" classname="scripts.Payment"/>
  <testcase name="navigateToPaymentPage" time="13.422" classname="scripts.Payment"/>
  <testcase name="navigateToPaymentPage" time="13.429" classname="scripts.Payment"/>
  <testcase name="navigateToPaymentPage" time="13.429" classname="scripts.Payment"/>
  <testcase name="navigateToPaymentPage" time="13.430" classname="scripts.Payment"/>
  <testcase name="navigateToPaymentPage" time="13.536" classname="scripts.Payment"/>
  <testcase name="znavigateToPayPage" time="20.175" classname="scripts.Payment"/>
  <testcase name="navigateToPaymentPage" time="13.455" classname="scripts.Payment"/>
  <testcase name="navigateToPaymentPage" time="13.436" classname="scripts.Payment"/>
  <testcase name="navigateToPaymentPage" time="13.437" classname="scripts.Payment"/>
  <testcase name="checkCreditCardFail" time="13.526" classname="scripts.Payment"/>
  <testcase name="checkCreditCardFail" time="13.465" classname="scripts.Payment"/>
  <testcase name="checkCreditCardFail" time="13.498" classname="scripts.Payment"/>
  <testcase name="checkCreditCardFail" time="13.432" classname="scripts.Payment"/>
  <testcase name="checkCreditCardFail" time="13.456" classname="scripts.Payment"/>
  <testcase name="checkCreditCardFail" time="13.448" classname="scripts.Payment"/>
  <testcase name="checkCreditCardFail" time="13.454" classname="scripts.Payment"/>
  <testcase name="checkCreditCardFail" time="13.495" classname="scripts.Payment"/>
  <testcase name="checkCreditCardFail" time="13.515" classname="scripts.Payment"/>
  <testcase name="aCreditCard" time="37.268" classname="scripts.Payment"/>
</testsuite> <!-- scripts.Payment -->
